ERROR - 2024-03-13 15:28:08 --> Error connecting to the database: mysqli_sql_exception: No connection could be made because the target machine actively refused it in C:\LCD\karyawan\system\Database\MySQLi\Connection.php:185
Stack trace:
#0 C:\LCD\karyawan\system\Database\MySQLi\Connection.php(185): mysqli->real_connect('localhost', 'root', '', '', 3306, '', 0)
#1 C:\LCD\karyawan\system\Database\BaseConnection.php(392): CodeIgniter\Database\MySQLi\Connection->connect(false)
#2 C:\LCD\karyawan\system\Database\BaseConnection.php(575): CodeIgniter\Database\BaseConnection->initialize()
#3 C:\LCD\karyawan\system\Database\BaseConnection.php(1410): CodeIgniter\Database\BaseConnection->query('SHOW TABLES FRO...')
#4 C:\LCD\karyawan\system\Database\BaseConnection.php(1429): CodeIgniter\Database\BaseConnection->listTables()
#5 C:\LCD\karyawan\system\Database\MigrationRunner.php(757): CodeIgniter\Database\BaseConnection->tableExists('migrations')
#6 C:\LCD\karyawan\system\Database\MigrationRunner.php(161): CodeIgniter\Database\MigrationRunner->ensureTable()
#7 C:\LCD\karyawan\system\Commands\Database\Migrate.php(84): CodeIgniter\Database\MigrationRunner->latest(NULL)
#8 C:\LCD\karyawan\system\CLI\Commands.php(65): CodeIgniter\Commands\Database\Migrate->run(Array)
#9 C:\LCD\karyawan\system\CLI\Console.php(46): CodeIgniter\CLI\Commands->run('migrate', Array)
#10 C:\LCD\karyawan\spark(102): CodeIgniter\CLI\Console->run()
#11 {main}

Next CodeIgniter\Database\Exceptions\DatabaseException: No connection could be made because the target machine actively refused it in C:\LCD\karyawan\system\Database\MySQLi\Connection.php:229
Stack trace:
#0 C:\LCD\karyawan\system\Database\BaseConnection.php(392): CodeIgniter\Database\MySQLi\Connection->connect(false)
#1 C:\LCD\karyawan\system\Database\BaseConnection.php(575): CodeIgniter\Database\BaseConnection->initialize()
#2 C:\LCD\karyawan\system\Database\BaseConnection.php(1410): CodeIgniter\Database\BaseConnection->query('SHOW TABLES FRO...')
#3 C:\LCD\karyawan\system\Database\BaseConnection.php(1429): CodeIgniter\Database\BaseConnection->listTables()
#4 C:\LCD\karyawan\system\Database\MigrationRunner.php(757): CodeIgniter\Database\BaseConnection->tableExists('migrations')
#5 C:\LCD\karyawan\system\Database\MigrationRunner.php(161): CodeIgniter\Database\MigrationRunner->ensureTable()
#6 C:\LCD\karyawan\system\Commands\Database\Migrate.php(84): CodeIgniter\Database\MigrationRunner->latest(NULL)
#7 C:\LCD\karyawan\system\CLI\Commands.php(65): CodeIgniter\Commands\Database\Migrate->run(Array)
#8 C:\LCD\karyawan\system\CLI\Console.php(46): CodeIgniter\CLI\Commands->run('migrate', Array)
#9 C:\LCD\karyawan\spark(102): CodeIgniter\CLI\Console->run()
#10 {main}
ERROR - 2024-03-13 15:29:24 --> Error connecting to the database: mysqli_sql_exception: Unknown database 'karyawan_db' in C:\LCD\karyawan\system\Database\MySQLi\Connection.php:185
Stack trace:
#0 C:\LCD\karyawan\system\Database\MySQLi\Connection.php(185): mysqli->real_connect('localhost', 'root', '', 'karyawan_db', 3306, '', 0)
#1 C:\LCD\karyawan\system\Database\BaseConnection.php(392): CodeIgniter\Database\MySQLi\Connection->connect(false)
#2 C:\LCD\karyawan\system\Database\BaseConnection.php(575): CodeIgniter\Database\BaseConnection->initialize()
#3 C:\LCD\karyawan\system\Database\BaseConnection.php(1410): CodeIgniter\Database\BaseConnection->query('SHOW TABLES FRO...')
#4 C:\LCD\karyawan\system\Database\BaseConnection.php(1429): CodeIgniter\Database\BaseConnection->listTables()
#5 C:\LCD\karyawan\system\Database\MigrationRunner.php(757): CodeIgniter\Database\BaseConnection->tableExists('migrations')
#6 C:\LCD\karyawan\system\Database\MigrationRunner.php(161): CodeIgniter\Database\MigrationRunner->ensureTable()
#7 C:\LCD\karyawan\system\Commands\Database\Migrate.php(84): CodeIgniter\Database\MigrationRunner->latest(NULL)
#8 C:\LCD\karyawan\system\CLI\Commands.php(65): CodeIgniter\Commands\Database\Migrate->run(Array)
#9 C:\LCD\karyawan\system\CLI\Console.php(46): CodeIgniter\CLI\Commands->run('migrate', Array)
#10 C:\LCD\karyawan\spark(102): CodeIgniter\CLI\Console->run()
#11 {main}

Next CodeIgniter\Database\Exceptions\DatabaseException: Unknown database 'karyawan_db' in C:\LCD\karyawan\system\Database\MySQLi\Connection.php:229
Stack trace:
#0 C:\LCD\karyawan\system\Database\BaseConnection.php(392): CodeIgniter\Database\MySQLi\Connection->connect(false)
#1 C:\LCD\karyawan\system\Database\BaseConnection.php(575): CodeIgniter\Database\BaseConnection->initialize()
#2 C:\LCD\karyawan\system\Database\BaseConnection.php(1410): CodeIgniter\Database\BaseConnection->query('SHOW TABLES FRO...')
#3 C:\LCD\karyawan\system\Database\BaseConnection.php(1429): CodeIgniter\Database\BaseConnection->listTables()
#4 C:\LCD\karyawan\system\Database\MigrationRunner.php(757): CodeIgniter\Database\BaseConnection->tableExists('migrations')
#5 C:\LCD\karyawan\system\Database\MigrationRunner.php(161): CodeIgniter\Database\MigrationRunner->ensureTable()
#6 C:\LCD\karyawan\system\Commands\Database\Migrate.php(84): CodeIgniter\Database\MigrationRunner->latest(NULL)
#7 C:\LCD\karyawan\system\CLI\Commands.php(65): CodeIgniter\Commands\Database\Migrate->run(Array)
#8 C:\LCD\karyawan\system\CLI\Console.php(46): CodeIgniter\CLI\Commands->run('migrate', Array)
#9 C:\LCD\karyawan\spark(102): CodeIgniter\CLI\Console->run()
#10 {main}
ERROR - 2024-03-13 15:42:27 --> mysqli_sql_exception: Table 'karyawan' already exists in C:\LCD\karyawan\system\Database\MySQLi\Connection.php:306
Stack trace:
#0 C:\LCD\karyawan\system\Database\MySQLi\Connection.php(306): mysqli->query('CREATE TABLE `k...', 0)
#1 C:\LCD\karyawan\system\Database\BaseConnection.php(693): CodeIgniter\Database\MySQLi\Connection->execute('CREATE TABLE `k...')
#2 C:\LCD\karyawan\system\Database\BaseConnection.php(607): CodeIgniter\Database\BaseConnection->simpleQuery('CREATE TABLE `k...')
#3 C:\LCD\karyawan\system\Database\Forge.php(555): CodeIgniter\Database\BaseConnection->query('CREATE TABLE `k...')
#4 C:\LCD\karyawan\app\Database\Migrations\2024-03-13-154153_CreateKaryawanTable.php(29): CodeIgniter\Database\Forge->createTable('karyawan')
#5 C:\LCD\karyawan\system\Database\MigrationRunner.php(865): App\Database\Migrations\CreateKaryawanTable->up()
#6 C:\LCD\karyawan\system\Database\MigrationRunner.php(181): CodeIgniter\Database\MigrationRunner->migrate('up', Object(stdClass))
#7 C:\LCD\karyawan\system\Commands\Database\Migrate.php(84): CodeIgniter\Database\MigrationRunner->latest(NULL)
#8 C:\LCD\karyawan\system\CLI\Commands.php(65): CodeIgniter\Commands\Database\Migrate->run(Array)
#9 C:\LCD\karyawan\system\CLI\Console.php(46): CodeIgniter\CLI\Commands->run('migrate', Array)
#10 C:\LCD\karyawan\spark(102): CodeIgniter\CLI\Console->run()
#11 {main}
ERROR - 2024-03-13 16:01:20 --> mysqli_sql_exception: Invalid default value for 'created_at' in C:\LCD\karyawan\system\Database\MySQLi\Connection.php:306
Stack trace:
#0 C:\LCD\karyawan\system\Database\MySQLi\Connection.php(306): mysqli->query('CREATE TABLE `o...', 0)
#1 C:\LCD\karyawan\system\Database\BaseConnection.php(693): CodeIgniter\Database\MySQLi\Connection->execute('CREATE TABLE `o...')
#2 C:\LCD\karyawan\system\Database\BaseConnection.php(607): CodeIgniter\Database\BaseConnection->simpleQuery('CREATE TABLE `o...')
#3 C:\LCD\karyawan\system\Database\Forge.php(555): CodeIgniter\Database\BaseConnection->query('CREATE TABLE `o...')
#4 C:\LCD\karyawan\app\Database\Migrations\2024-03-13-154415_CreateOlahragaTable.php(33): CodeIgniter\Database\Forge->createTable('olahraga')
#5 C:\LCD\karyawan\system\Database\MigrationRunner.php(865): App\Database\Migrations\CreateOlahragaTable->up()
#6 C:\LCD\karyawan\system\Database\MigrationRunner.php(181): CodeIgniter\Database\MigrationRunner->migrate('up', Object(stdClass))
#7 C:\LCD\karyawan\system\Commands\Database\Migrate.php(84): CodeIgniter\Database\MigrationRunner->latest(NULL)
#8 C:\LCD\karyawan\system\CLI\Commands.php(65): CodeIgniter\Commands\Database\Migrate->run(Array)
#9 C:\LCD\karyawan\system\CLI\Console.php(46): CodeIgniter\CLI\Commands->run('migrate', Array)
#10 C:\LCD\karyawan\spark(102): CodeIgniter\CLI\Console->run()
#11 {main}
ERROR - 2024-03-13 16:04:06 --> Error connecting to the database: mysqli_sql_exception: Unknown database 'karyayan_db' in C:\LCD\karyawan\system\Database\MySQLi\Connection.php:185
Stack trace:
#0 C:\LCD\karyawan\system\Database\MySQLi\Connection.php(185): mysqli->real_connect('localhost', 'root', '', 'karyayan_db', 3306, '', 0)
#1 C:\LCD\karyawan\system\Database\BaseConnection.php(392): CodeIgniter\Database\MySQLi\Connection->connect(false)
#2 C:\LCD\karyawan\system\Database\BaseConnection.php(575): CodeIgniter\Database\BaseConnection->initialize()
#3 C:\LCD\karyawan\system\Database\BaseConnection.php(1410): CodeIgniter\Database\BaseConnection->query('SHOW TABLES FRO...')
#4 C:\LCD\karyawan\system\Database\BaseConnection.php(1429): CodeIgniter\Database\BaseConnection->listTables()
#5 C:\LCD\karyawan\system\Database\MigrationRunner.php(757): CodeIgniter\Database\BaseConnection->tableExists('migrations')
#6 C:\LCD\karyawan\system\Database\MigrationRunner.php(161): CodeIgniter\Database\MigrationRunner->ensureTable()
#7 C:\LCD\karyawan\system\Commands\Database\Migrate.php(84): CodeIgniter\Database\MigrationRunner->latest(NULL)
#8 C:\LCD\karyawan\system\CLI\Commands.php(65): CodeIgniter\Commands\Database\Migrate->run(Array)
#9 C:\LCD\karyawan\system\CLI\Console.php(46): CodeIgniter\CLI\Commands->run('migrate', Array)
#10 C:\LCD\karyawan\spark(102): CodeIgniter\CLI\Console->run()
#11 {main}

Next CodeIgniter\Database\Exceptions\DatabaseException: Unknown database 'karyayan_db' in C:\LCD\karyawan\system\Database\MySQLi\Connection.php:229
Stack trace:
#0 C:\LCD\karyawan\system\Database\BaseConnection.php(392): CodeIgniter\Database\MySQLi\Connection->connect(false)
#1 C:\LCD\karyawan\system\Database\BaseConnection.php(575): CodeIgniter\Database\BaseConnection->initialize()
#2 C:\LCD\karyawan\system\Database\BaseConnection.php(1410): CodeIgniter\Database\BaseConnection->query('SHOW TABLES FRO...')
#3 C:\LCD\karyawan\system\Database\BaseConnection.php(1429): CodeIgniter\Database\BaseConnection->listTables()
#4 C:\LCD\karyawan\system\Database\MigrationRunner.php(757): CodeIgniter\Database\BaseConnection->tableExists('migrations')
#5 C:\LCD\karyawan\system\Database\MigrationRunner.php(161): CodeIgniter\Database\MigrationRunner->ensureTable()
#6 C:\LCD\karyawan\system\Commands\Database\Migrate.php(84): CodeIgniter\Database\MigrationRunner->latest(NULL)
#7 C:\LCD\karyawan\system\CLI\Commands.php(65): CodeIgniter\Commands\Database\Migrate->run(Array)
#8 C:\LCD\karyawan\system\CLI\Console.php(46): CodeIgniter\CLI\Commands->run('migrate', Array)
#9 C:\LCD\karyawan\spark(102): CodeIgniter\CLI\Console->run()
#10 {main}
ERROR - 2024-03-13 16:04:13 --> mysqli_sql_exception: Invalid default value for 'created_at' in C:\LCD\karyawan\system\Database\MySQLi\Connection.php:306
Stack trace:
#0 C:\LCD\karyawan\system\Database\MySQLi\Connection.php(306): mysqli->query('CREATE TABLE `o...', 0)
#1 C:\LCD\karyawan\system\Database\BaseConnection.php(693): CodeIgniter\Database\MySQLi\Connection->execute('CREATE TABLE `o...')
#2 C:\LCD\karyawan\system\Database\BaseConnection.php(607): CodeIgniter\Database\BaseConnection->simpleQuery('CREATE TABLE `o...')
#3 C:\LCD\karyawan\system\Database\Forge.php(555): CodeIgniter\Database\BaseConnection->query('CREATE TABLE `o...')
#4 C:\LCD\karyawan\app\Database\Migrations\2024-03-13-154415_CreateOlahragaTable.php(33): CodeIgniter\Database\Forge->createTable('olahraga')
#5 C:\LCD\karyawan\system\Database\MigrationRunner.php(865): App\Database\Migrations\CreateOlahragaTable->up()
#6 C:\LCD\karyawan\system\Database\MigrationRunner.php(181): CodeIgniter\Database\MigrationRunner->migrate('up', Object(stdClass))
#7 C:\LCD\karyawan\system\Commands\Database\Migrate.php(84): CodeIgniter\Database\MigrationRunner->latest(NULL)
#8 C:\LCD\karyawan\system\CLI\Commands.php(65): CodeIgniter\Commands\Database\Migrate->run(Array)
#9 C:\LCD\karyawan\system\CLI\Console.php(46): CodeIgniter\CLI\Commands->run('migrate', Array)
#10 C:\LCD\karyawan\spark(102): CodeIgniter\CLI\Console->run()
#11 {main}
ERROR - 2024-03-13 16:09:06 --> mysqli_sql_exception: Invalid default value for 'created_at' in C:\LCD\karyawan\system\Database\MySQLi\Connection.php:306
Stack trace:
#0 C:\LCD\karyawan\system\Database\MySQLi\Connection.php(306): mysqli->query('CREATE TABLE `o...', 0)
#1 C:\LCD\karyawan\system\Database\BaseConnection.php(693): CodeIgniter\Database\MySQLi\Connection->execute('CREATE TABLE `o...')
#2 C:\LCD\karyawan\system\Database\BaseConnection.php(607): CodeIgniter\Database\BaseConnection->simpleQuery('CREATE TABLE `o...')
#3 C:\LCD\karyawan\system\Database\Forge.php(555): CodeIgniter\Database\BaseConnection->query('CREATE TABLE `o...')
#4 C:\LCD\karyawan\app\Database\Migrations\2024-03-13-154415_CreateOlahragaTable.php(33): CodeIgniter\Database\Forge->createTable('olahraga')
#5 C:\LCD\karyawan\system\Database\MigrationRunner.php(865): App\Database\Migrations\CreateOlahragaTable->up()
#6 C:\LCD\karyawan\system\Database\MigrationRunner.php(181): CodeIgniter\Database\MigrationRunner->migrate('up', Object(stdClass))
#7 C:\LCD\karyawan\system\Commands\Database\Migrate.php(84): CodeIgniter\Database\MigrationRunner->latest(NULL)
#8 C:\LCD\karyawan\system\CLI\Commands.php(65): CodeIgniter\Commands\Database\Migrate->run(Array)
#9 C:\LCD\karyawan\system\CLI\Console.php(46): CodeIgniter\CLI\Commands->run('migrate', Array)
#10 C:\LCD\karyawan\spark(102): CodeIgniter\CLI\Console->run()
#11 {main}
CRITICAL - 2024-03-13 16:10:00 --> Error: Class "CodeIgniter\Database\MySQL\Connection" not found
in SYSTEMPATH\Database\Database.php on line 137.
 1 SYSTEMPATH\Database\Database.php(55): CodeIgniter\Database\Database->initDriver('MySQL', 'Connection', [...])
 2 SYSTEMPATH\Database\Config.php(82): CodeIgniter\Database\Database->load([...], 'default')
 3 SYSTEMPATH\Common.php(365): CodeIgniter\Database\Config::connect('default', true)
 4 SYSTEMPATH\Database\MigrationRunner.php(144): db_connect(null)
 5 SYSTEMPATH\Config\Services.php(417): CodeIgniter\Database\MigrationRunner->__construct(Object(Config\Migrations), null)
 6 SYSTEMPATH\Config\BaseService.php(258): CodeIgniter\Config\Services::migrations(Object(Config\Migrations), null, false)
 7 SYSTEMPATH\Config\BaseService.php(199): CodeIgniter\Config\BaseService::__callStatic('migrations', [...])
 8 SYSTEMPATH\Config\Services.php(412): CodeIgniter\Config\BaseService::getSharedInstance('migrations', null, null)
 9 SYSTEMPATH\Config\BaseService.php(258): CodeIgniter\Config\Services::migrations()
10 SYSTEMPATH\Commands\Database\Migrate.php(69): CodeIgniter\Config\BaseService::__callStatic('migrations', [])
11 SYSTEMPATH\CLI\Commands.php(65): CodeIgniter\Commands\Database\Migrate->run([])
12 SYSTEMPATH\CLI\Console.php(46): CodeIgniter\CLI\Commands->run('migrate', [])
13 ROOTPATH\spark(102): CodeIgniter\CLI\Console->run()
ERROR - 2024-03-13 16:10:08 --> mysqli_sql_exception: Invalid default value for 'created_at' in C:\LCD\karyawan\system\Database\MySQLi\Connection.php:306
Stack trace:
#0 C:\LCD\karyawan\system\Database\MySQLi\Connection.php(306): mysqli->query('CREATE TABLE `o...', 0)
#1 C:\LCD\karyawan\system\Database\BaseConnection.php(693): CodeIgniter\Database\MySQLi\Connection->execute('CREATE TABLE `o...')
#2 C:\LCD\karyawan\system\Database\BaseConnection.php(607): CodeIgniter\Database\BaseConnection->simpleQuery('CREATE TABLE `o...')
#3 C:\LCD\karyawan\system\Database\Forge.php(555): CodeIgniter\Database\BaseConnection->query('CREATE TABLE `o...')
#4 C:\LCD\karyawan\app\Database\Migrations\2024-03-13-154415_CreateOlahragaTable.php(33): CodeIgniter\Database\Forge->createTable('olahraga')
#5 C:\LCD\karyawan\system\Database\MigrationRunner.php(865): App\Database\Migrations\CreateOlahragaTable->up()
#6 C:\LCD\karyawan\system\Database\MigrationRunner.php(181): CodeIgniter\Database\MigrationRunner->migrate('up', Object(stdClass))
#7 C:\LCD\karyawan\system\Commands\Database\Migrate.php(84): CodeIgniter\Database\MigrationRunner->latest(NULL)
#8 C:\LCD\karyawan\system\CLI\Commands.php(65): CodeIgniter\Commands\Database\Migrate->run(Array)
#9 C:\LCD\karyawan\system\CLI\Console.php(46): CodeIgniter\CLI\Commands->run('migrate', Array)
#10 C:\LCD\karyawan\spark(102): CodeIgniter\CLI\Console->run()
#11 {main}
CRITICAL - 2024-03-13 16:10:29 --> Error: Class "CodeIgniter\Database\mysql\Connection" not found
in SYSTEMPATH\Database\Database.php on line 137.
 1 SYSTEMPATH\Database\Database.php(55): CodeIgniter\Database\Database->initDriver('mysql', 'Connection', [...])
 2 SYSTEMPATH\Database\Config.php(82): CodeIgniter\Database\Database->load([...], 'default')
 3 SYSTEMPATH\Common.php(365): CodeIgniter\Database\Config::connect('default', true)
 4 SYSTEMPATH\Database\MigrationRunner.php(144): db_connect(null)
 5 SYSTEMPATH\Config\Services.php(417): CodeIgniter\Database\MigrationRunner->__construct(Object(Config\Migrations), null)
 6 SYSTEMPATH\Config\BaseService.php(258): CodeIgniter\Config\Services::migrations(Object(Config\Migrations), null, false)
 7 SYSTEMPATH\Config\BaseService.php(199): CodeIgniter\Config\BaseService::__callStatic('migrations', [...])
 8 SYSTEMPATH\Config\Services.php(412): CodeIgniter\Config\BaseService::getSharedInstance('migrations', null, null)
 9 SYSTEMPATH\Config\BaseService.php(258): CodeIgniter\Config\Services::migrations()
10 SYSTEMPATH\Commands\Database\Migrate.php(69): CodeIgniter\Config\BaseService::__callStatic('migrations', [])
11 SYSTEMPATH\CLI\Commands.php(65): CodeIgniter\Commands\Database\Migrate->run([])
12 SYSTEMPATH\CLI\Console.php(46): CodeIgniter\CLI\Commands->run('migrate', [])
13 ROOTPATH\spark(102): CodeIgniter\CLI\Console->run()
CRITICAL - 2024-03-13 16:51:22 --> CodeIgniter\View\Exceptions\ViewException: Invalid file: "Admin/layout/master.php"
in SYSTEMPATH\Exceptions\FrameworkException.php on line 39.
 1 SYSTEMPATH\View\View.php(216): CodeIgniter\Exceptions\FrameworkException::forInvalidFile('Admin/layout/master.php')
 2 SYSTEMPATH\View\View.php(244): CodeIgniter\View\View->render('Admin/layout/master', [], true)
 3 SYSTEMPATH\Common.php(1178): CodeIgniter\View\View->render('dashboard', [], true)
 4 APPPATH\Controllers\Home.php(9): view('dashboard')
 5 SYSTEMPATH\CodeIgniter.php(941): App\Controllers\Home->index()
 6 SYSTEMPATH\CodeIgniter.php(502): CodeIgniter\CodeIgniter->runController(Object(App\Controllers\Home))
 7 SYSTEMPATH\CodeIgniter.php(361): CodeIgniter\CodeIgniter->handleRequest(null, Object(Config\Cache), false)
 8 FCPATH\index.php(79): CodeIgniter\CodeIgniter->run()
 9 SYSTEMPATH\Commands\Server\rewrite.php(47): require_once('C:\\LCD\\karyawan\\public\\index.php')
CRITICAL - 2024-03-13 16:51:23 --> CodeIgniter\View\Exceptions\ViewException: Invalid file: "Admin/layout/master.php"
in SYSTEMPATH\Exceptions\FrameworkException.php on line 39.
 1 SYSTEMPATH\View\View.php(216): CodeIgniter\Exceptions\FrameworkException::forInvalidFile('Admin/layout/master.php')
 2 SYSTEMPATH\View\View.php(244): CodeIgniter\View\View->render('Admin/layout/master', [], true)
 3 SYSTEMPATH\Common.php(1178): CodeIgniter\View\View->render('dashboard', [], true)
 4 APPPATH\Controllers\Home.php(9): view('dashboard')
 5 SYSTEMPATH\CodeIgniter.php(941): App\Controllers\Home->index()
 6 SYSTEMPATH\CodeIgniter.php(502): CodeIgniter\CodeIgniter->runController(Object(App\Controllers\Home))
 7 SYSTEMPATH\CodeIgniter.php(361): CodeIgniter\CodeIgniter->handleRequest(null, Object(Config\Cache), false)
 8 FCPATH\index.php(79): CodeIgniter\CodeIgniter->run()
 9 SYSTEMPATH\Commands\Server\rewrite.php(47): require_once('C:\\LCD\\karyawan\\public\\index.php')
CRITICAL - 2024-03-13 16:51:37 --> RuntimeException: View themes, no current section.
in SYSTEMPATH\View\View.php on line 425.
 1 APPPATH\Views\dashboard.php(393): CodeIgniter\View\View->endSection()
 2 SYSTEMPATH\View\View.php(228): include('C:\\LCD\\karyawan\\app\\Views\\dashboard.php')
 3 SYSTEMPATH\View\View.php(231): CodeIgniter\View\View->CodeIgniter\View\{closure}()
 4 SYSTEMPATH\Common.php(1178): CodeIgniter\View\View->render('dashboard', [], true)
 5 APPPATH\Controllers\Home.php(9): view('dashboard')
 6 SYSTEMPATH\CodeIgniter.php(941): App\Controllers\Home->index()
 7 SYSTEMPATH\CodeIgniter.php(502): CodeIgniter\CodeIgniter->runController(Object(App\Controllers\Home))
 8 SYSTEMPATH\CodeIgniter.php(361): CodeIgniter\CodeIgniter->handleRequest(null, Object(Config\Cache), false)
 9 FCPATH\index.php(79): CodeIgniter\CodeIgniter->run()
10 SYSTEMPATH\Commands\Server\rewrite.php(47): require_once('C:\\LCD\\karyawan\\public\\index.php')
CRITICAL - 2024-03-13 16:52:01 --> RuntimeException: View themes, no current section.
in SYSTEMPATH\View\View.php on line 425.
 1 APPPATH\Views\dashboard.php(393): CodeIgniter\View\View->endSection()
 2 SYSTEMPATH\View\View.php(228): include('C:\\LCD\\karyawan\\app\\Views\\dashboard.php')
 3 SYSTEMPATH\View\View.php(231): CodeIgniter\View\View->CodeIgniter\View\{closure}()
 4 SYSTEMPATH\Common.php(1178): CodeIgniter\View\View->render('dashboard', [], true)
 5 APPPATH\Controllers\Home.php(9): view('dashboard')
 6 SYSTEMPATH\CodeIgniter.php(941): App\Controllers\Home->index()
 7 SYSTEMPATH\CodeIgniter.php(502): CodeIgniter\CodeIgniter->runController(Object(App\Controllers\Home))
 8 SYSTEMPATH\CodeIgniter.php(361): CodeIgniter\CodeIgniter->handleRequest(null, Object(Config\Cache), false)
 9 FCPATH\index.php(79): CodeIgniter\CodeIgniter->run()
10 SYSTEMPATH\Commands\Server\rewrite.php(47): require_once('C:\\LCD\\karyawan\\public\\index.php')
CRITICAL - 2024-03-13 16:52:01 --> RuntimeException: View themes, no current section.
in SYSTEMPATH\View\View.php on line 425.
 1 APPPATH\Views\dashboard.php(393): CodeIgniter\View\View->endSection()
 2 SYSTEMPATH\View\View.php(228): include('C:\\LCD\\karyawan\\app\\Views\\dashboard.php')
 3 SYSTEMPATH\View\View.php(231): CodeIgniter\View\View->CodeIgniter\View\{closure}()
 4 SYSTEMPATH\Common.php(1178): CodeIgniter\View\View->render('dashboard', [], true)
 5 APPPATH\Controllers\Home.php(9): view('dashboard')
 6 SYSTEMPATH\CodeIgniter.php(941): App\Controllers\Home->index()
 7 SYSTEMPATH\CodeIgniter.php(502): CodeIgniter\CodeIgniter->runController(Object(App\Controllers\Home))
 8 SYSTEMPATH\CodeIgniter.php(361): CodeIgniter\CodeIgniter->handleRequest(null, Object(Config\Cache), false)
 9 FCPATH\index.php(79): CodeIgniter\CodeIgniter->run()
10 SYSTEMPATH\Commands\Server\rewrite.php(47): require_once('C:\\LCD\\karyawan\\public\\index.php')
CRITICAL - 2024-03-13 16:52:11 --> CodeIgniter\View\Exceptions\ViewException: Invalid file: "dashboard.php"
in SYSTEMPATH\Exceptions\FrameworkException.php on line 39.
 1 SYSTEMPATH\View\View.php(216): CodeIgniter\Exceptions\FrameworkException::forInvalidFile('dashboard.php')
 2 SYSTEMPATH\Common.php(1178): CodeIgniter\View\View->render('dashboard', [], true)
 3 APPPATH\Controllers\Home.php(9): view('dashboard')
 4 SYSTEMPATH\CodeIgniter.php(941): App\Controllers\Home->index()
 5 SYSTEMPATH\CodeIgniter.php(502): CodeIgniter\CodeIgniter->runController(Object(App\Controllers\Home))
 6 SYSTEMPATH\CodeIgniter.php(361): CodeIgniter\CodeIgniter->handleRequest(null, Object(Config\Cache), false)
 7 FCPATH\index.php(79): CodeIgniter\CodeIgniter->run()
 8 SYSTEMPATH\Commands\Server\rewrite.php(47): require_once('C:\\LCD\\karyawan\\public\\index.php')
CRITICAL - 2024-03-13 16:52:41 --> CodeIgniter\View\Exceptions\ViewException: Invalid file: "Admin/layout/master.php"
in SYSTEMPATH\Exceptions\FrameworkException.php on line 39.
 1 SYSTEMPATH\View\View.php(216): CodeIgniter\Exceptions\FrameworkException::forInvalidFile('Admin/layout/master.php')
 2 SYSTEMPATH\View\View.php(244): CodeIgniter\View\View->render('Admin/layout/master', [], true)
 3 SYSTEMPATH\Common.php(1178): CodeIgniter\View\View->render('dashboard', [], true)
 4 APPPATH\Controllers\Home.php(9): view('dashboard')
 5 SYSTEMPATH\CodeIgniter.php(941): App\Controllers\Home->index()
 6 SYSTEMPATH\CodeIgniter.php(502): CodeIgniter\CodeIgniter->runController(Object(App\Controllers\Home))
 7 SYSTEMPATH\CodeIgniter.php(361): CodeIgniter\CodeIgniter->handleRequest(null, Object(Config\Cache), false)
 8 FCPATH\index.php(79): CodeIgniter\CodeIgniter->run()
 9 SYSTEMPATH\Commands\Server\rewrite.php(47): require_once('C:\\LCD\\karyawan\\public\\index.php')
CRITICAL - 2024-03-13 16:53:18 --> CodeIgniter\View\Exceptions\ViewException: Invalid file: "Admin/layout/css.php"
in SYSTEMPATH\Exceptions\FrameworkException.php on line 39.
 1 SYSTEMPATH\View\View.php(216): CodeIgniter\Exceptions\FrameworkException::forInvalidFile('Admin/layout/css.php')
 2 SYSTEMPATH\View\View.php(469): CodeIgniter\View\View->render('Admin/layout/css', null, true)
 3 APPPATH\Views\layout\master.php(18): CodeIgniter\View\View->include('Admin/layout/css')
 4 SYSTEMPATH\View\View.php(228): include('C:\\LCD\\karyawan\\app\\Views\\layout\\master.php')
 5 SYSTEMPATH\View\View.php(231): CodeIgniter\View\View->CodeIgniter\View\{closure}()
 6 SYSTEMPATH\View\View.php(244): CodeIgniter\View\View->render('layout/master', [], true)
 7 SYSTEMPATH\Common.php(1178): CodeIgniter\View\View->render('dashboard', [], true)
 8 APPPATH\Controllers\Home.php(9): view('dashboard')
 9 SYSTEMPATH\CodeIgniter.php(941): App\Controllers\Home->index()
10 SYSTEMPATH\CodeIgniter.php(502): CodeIgniter\CodeIgniter->runController(Object(App\Controllers\Home))
11 SYSTEMPATH\CodeIgniter.php(361): CodeIgniter\CodeIgniter->handleRequest(null, Object(Config\Cache), false)
12 FCPATH\index.php(79): CodeIgniter\CodeIgniter->run()
13 SYSTEMPATH\Commands\Server\rewrite.php(47): require_once('C:\\LCD\\karyawan\\public\\index.php')
CRITICAL - 2024-03-13 16:53:19 --> CodeIgniter\View\Exceptions\ViewException: Invalid file: "Admin/layout/css.php"
in SYSTEMPATH\Exceptions\FrameworkException.php on line 39.
 1 SYSTEMPATH\View\View.php(216): CodeIgniter\Exceptions\FrameworkException::forInvalidFile('Admin/layout/css.php')
 2 SYSTEMPATH\View\View.php(469): CodeIgniter\View\View->render('Admin/layout/css', null, true)
 3 APPPATH\Views\layout\master.php(18): CodeIgniter\View\View->include('Admin/layout/css')
 4 SYSTEMPATH\View\View.php(228): include('C:\\LCD\\karyawan\\app\\Views\\layout\\master.php')
 5 SYSTEMPATH\View\View.php(231): CodeIgniter\View\View->CodeIgniter\View\{closure}()
 6 SYSTEMPATH\View\View.php(244): CodeIgniter\View\View->render('layout/master', [], true)
 7 SYSTEMPATH\Common.php(1178): CodeIgniter\View\View->render('dashboard', [], true)
 8 APPPATH\Controllers\Home.php(9): view('dashboard')
 9 SYSTEMPATH\CodeIgniter.php(941): App\Controllers\Home->index()
10 SYSTEMPATH\CodeIgniter.php(502): CodeIgniter\CodeIgniter->runController(Object(App\Controllers\Home))
11 SYSTEMPATH\CodeIgniter.php(361): CodeIgniter\CodeIgniter->handleRequest(null, Object(Config\Cache), false)
12 FCPATH\index.php(79): CodeIgniter\CodeIgniter->run()
13 SYSTEMPATH\Commands\Server\rewrite.php(47): require_once('C:\\LCD\\karyawan\\public\\index.php')
CRITICAL - 2024-03-13 16:53:56 --> CodeIgniter\View\Exceptions\ViewException: Invalid file: "Admin/layout/css.php"
in SYSTEMPATH\Exceptions\FrameworkException.php on line 39.
 1 SYSTEMPATH\View\View.php(216): CodeIgniter\Exceptions\FrameworkException::forInvalidFile('Admin/layout/css.php')
 2 SYSTEMPATH\View\View.php(469): CodeIgniter\View\View->render('Admin/layout/css', null, true)
 3 APPPATH\Views\layout\master.php(18): CodeIgniter\View\View->include('Admin/layout/css')
 4 SYSTEMPATH\View\View.php(228): include('C:\\LCD\\karyawan\\app\\Views\\layout\\master.php')
 5 SYSTEMPATH\View\View.php(231): CodeIgniter\View\View->CodeIgniter\View\{closure}()
 6 SYSTEMPATH\View\View.php(244): CodeIgniter\View\View->render('layout/master', [], true)
 7 SYSTEMPATH\Common.php(1178): CodeIgniter\View\View->render('dashboard', [], true)
 8 APPPATH\Controllers\Home.php(9): view('dashboard')
 9 SYSTEMPATH\CodeIgniter.php(941): App\Controllers\Home->index()
10 SYSTEMPATH\CodeIgniter.php(502): CodeIgniter\CodeIgniter->runController(Object(App\Controllers\Home))
11 SYSTEMPATH\CodeIgniter.php(361): CodeIgniter\CodeIgniter->handleRequest(null, Object(Config\Cache), false)
12 FCPATH\index.php(79): CodeIgniter\CodeIgniter->run()
13 SYSTEMPATH\Commands\Server\rewrite.php(47): require_once('C:\\LCD\\karyawan\\public\\index.php')
CRITICAL - 2024-03-13 16:53:56 --> CodeIgniter\View\Exceptions\ViewException: Invalid file: "Admin/layout/css.php"
in SYSTEMPATH\Exceptions\FrameworkException.php on line 39.
 1 SYSTEMPATH\View\View.php(216): CodeIgniter\Exceptions\FrameworkException::forInvalidFile('Admin/layout/css.php')
 2 SYSTEMPATH\View\View.php(469): CodeIgniter\View\View->render('Admin/layout/css', null, true)
 3 APPPATH\Views\layout\master.php(18): CodeIgniter\View\View->include('Admin/layout/css')
 4 SYSTEMPATH\View\View.php(228): include('C:\\LCD\\karyawan\\app\\Views\\layout\\master.php')
 5 SYSTEMPATH\View\View.php(231): CodeIgniter\View\View->CodeIgniter\View\{closure}()
 6 SYSTEMPATH\View\View.php(244): CodeIgniter\View\View->render('layout/master', [], true)
 7 SYSTEMPATH\Common.php(1178): CodeIgniter\View\View->render('dashboard', [], true)
 8 APPPATH\Controllers\Home.php(9): view('dashboard')
 9 SYSTEMPATH\CodeIgniter.php(941): App\Controllers\Home->index()
10 SYSTEMPATH\CodeIgniter.php(502): CodeIgniter\CodeIgniter->runController(Object(App\Controllers\Home))
11 SYSTEMPATH\CodeIgniter.php(361): CodeIgniter\CodeIgniter->handleRequest(null, Object(Config\Cache), false)
12 FCPATH\index.php(79): CodeIgniter\CodeIgniter->run()
13 SYSTEMPATH\Commands\Server\rewrite.php(47): require_once('C:\\LCD\\karyawan\\public\\index.php')
