ERROR - 2024-03-17 07:47:16 --> Error connecting to the database: mysqli_sql_exception: No connection could be made because the target machine actively refused it in C:\LCD\karyawan\system\Database\MySQLi\Connection.php:185
Stack trace:
#0 C:\LCD\karyawan\system\Database\MySQLi\Connection.php(185): mysqli->real_connect('localhost', 'root', '', 'karyawan_db', 3306, '', 0)
#1 C:\LCD\karyawan\system\Database\BaseConnection.php(392): CodeIgniter\Database\MySQLi\Connection->connect(false)
#2 C:\LCD\karyawan\system\Database\BaseConnection.php(575): CodeIgniter\Database\BaseConnection->initialize()
#3 C:\LCD\karyawan\system\Database\BaseBuilder.php(1616): CodeIgniter\Database\BaseConnection->query('SELECT *\nFROM `...', Array, false)
#4 C:\LCD\karyawan\system\Model.php(242): CodeIgniter\Database\BaseBuilder->get()
#5 C:\LCD\karyawan\system\BaseModel.php(638): CodeIgniter\Model->doFindAll(0, 0)
#6 C:\LCD\karyawan\app\Controllers\Karyawan.php(22): CodeIgniter\BaseModel->findAll()
#7 C:\LCD\karyawan\system\CodeIgniter.php(941): App\Controllers\Karyawan->index()
#8 C:\LCD\karyawan\system\CodeIgniter.php(502): CodeIgniter\CodeIgniter->runController(Object(App\Controllers\Karyawan))
#9 C:\LCD\karyawan\system\CodeIgniter.php(361): CodeIgniter\CodeIgniter->handleRequest(NULL, Object(Config\Cache), false)
#10 C:\LCD\karyawan\public\index.php(79): CodeIgniter\CodeIgniter->run()
#11 C:\LCD\karyawan\system\Commands\Server\rewrite.php(47): require_once('C:\\LCD\\karyawan...')
#12 {main}

Next CodeIgniter\Database\Exceptions\DatabaseException: No connection could be made because the target machine actively refused it in C:\LCD\karyawan\system\Database\MySQLi\Connection.php:229
Stack trace:
#0 C:\LCD\karyawan\system\Database\BaseConnection.php(392): CodeIgniter\Database\MySQLi\Connection->connect(false)
#1 C:\LCD\karyawan\system\Database\BaseConnection.php(575): CodeIgniter\Database\BaseConnection->initialize()
#2 C:\LCD\karyawan\system\Database\BaseBuilder.php(1616): CodeIgniter\Database\BaseConnection->query('SELECT *\nFROM `...', Array, false)
#3 C:\LCD\karyawan\system\Model.php(242): CodeIgniter\Database\BaseBuilder->get()
#4 C:\LCD\karyawan\system\BaseModel.php(638): CodeIgniter\Model->doFindAll(0, 0)
#5 C:\LCD\karyawan\app\Controllers\Karyawan.php(22): CodeIgniter\BaseModel->findAll()
#6 C:\LCD\karyawan\system\CodeIgniter.php(941): App\Controllers\Karyawan->index()
#7 C:\LCD\karyawan\system\CodeIgniter.php(502): CodeIgniter\CodeIgniter->runController(Object(App\Controllers\Karyawan))
#8 C:\LCD\karyawan\system\CodeIgniter.php(361): CodeIgniter\CodeIgniter->handleRequest(NULL, Object(Config\Cache), false)
#9 C:\LCD\karyawan\public\index.php(79): CodeIgniter\CodeIgniter->run()
#10 C:\LCD\karyawan\system\Commands\Server\rewrite.php(47): require_once('C:\\LCD\\karyawan...')
#11 {main}
ERROR - 2024-03-17 07:47:32 --> Error connecting to the database: mysqli_sql_exception: No connection could be made because the target machine actively refused it in C:\LCD\karyawan\system\Database\MySQLi\Connection.php:185
Stack trace:
#0 C:\LCD\karyawan\system\Database\MySQLi\Connection.php(185): mysqli->real_connect('localhost', 'root', '', 'karyawan_db', 3306, '', 0)
#1 C:\LCD\karyawan\system\Database\BaseConnection.php(392): CodeIgniter\Database\MySQLi\Connection->connect(false)
#2 C:\LCD\karyawan\system\Database\BaseConnection.php(575): CodeIgniter\Database\BaseConnection->initialize()
#3 C:\LCD\karyawan\system\Database\BaseBuilder.php(1616): CodeIgniter\Database\BaseConnection->query('SELECT *\nFROM `...', Array, false)
#4 C:\LCD\karyawan\system\Model.php(242): CodeIgniter\Database\BaseBuilder->get()
#5 C:\LCD\karyawan\system\BaseModel.php(638): CodeIgniter\Model->doFindAll(0, 0)
#6 C:\LCD\karyawan\app\Controllers\Karyawan.php(22): CodeIgniter\BaseModel->findAll()
#7 C:\LCD\karyawan\system\CodeIgniter.php(941): App\Controllers\Karyawan->index()
#8 C:\LCD\karyawan\system\CodeIgniter.php(502): CodeIgniter\CodeIgniter->runController(Object(App\Controllers\Karyawan))
#9 C:\LCD\karyawan\system\CodeIgniter.php(361): CodeIgniter\CodeIgniter->handleRequest(NULL, Object(Config\Cache), false)
#10 C:\LCD\karyawan\public\index.php(79): CodeIgniter\CodeIgniter->run()
#11 C:\LCD\karyawan\system\Commands\Server\rewrite.php(47): require_once('C:\\LCD\\karyawan...')
#12 {main}

Next CodeIgniter\Database\Exceptions\DatabaseException: No connection could be made because the target machine actively refused it in C:\LCD\karyawan\system\Database\MySQLi\Connection.php:229
Stack trace:
#0 C:\LCD\karyawan\system\Database\BaseConnection.php(392): CodeIgniter\Database\MySQLi\Connection->connect(false)
#1 C:\LCD\karyawan\system\Database\BaseConnection.php(575): CodeIgniter\Database\BaseConnection->initialize()
#2 C:\LCD\karyawan\system\Database\BaseBuilder.php(1616): CodeIgniter\Database\BaseConnection->query('SELECT *\nFROM `...', Array, false)
#3 C:\LCD\karyawan\system\Model.php(242): CodeIgniter\Database\BaseBuilder->get()
#4 C:\LCD\karyawan\system\BaseModel.php(638): CodeIgniter\Model->doFindAll(0, 0)
#5 C:\LCD\karyawan\app\Controllers\Karyawan.php(22): CodeIgniter\BaseModel->findAll()
#6 C:\LCD\karyawan\system\CodeIgniter.php(941): App\Controllers\Karyawan->index()
#7 C:\LCD\karyawan\system\CodeIgniter.php(502): CodeIgniter\CodeIgniter->runController(Object(App\Controllers\Karyawan))
#8 C:\LCD\karyawan\system\CodeIgniter.php(361): CodeIgniter\CodeIgniter->handleRequest(NULL, Object(Config\Cache), false)
#9 C:\LCD\karyawan\public\index.php(79): CodeIgniter\CodeIgniter->run()
#10 C:\LCD\karyawan\system\Commands\Server\rewrite.php(47): require_once('C:\\LCD\\karyawan...')
#11 {main}
ERROR - 2024-03-17 08:15:50 --> mysqli_sql_exception: Table 'karyawan_db.makanan_favorite' doesn't exist in C:\LCD\karyawan\system\Database\MySQLi\Connection.php:306
Stack trace:
#0 C:\LCD\karyawan\system\Database\MySQLi\Connection.php(306): mysqli->query('SELECT `karyawa...', 0)
#1 C:\LCD\karyawan\system\Database\BaseConnection.php(693): CodeIgniter\Database\MySQLi\Connection->execute('SELECT `karyawa...')
#2 C:\LCD\karyawan\system\Database\BaseConnection.php(607): CodeIgniter\Database\BaseConnection->simpleQuery('SELECT `karyawa...')
#3 C:\LCD\karyawan\system\Database\BaseBuilder.php(1616): CodeIgniter\Database\BaseConnection->query('SELECT `karyawa...', Array, false)
#4 C:\LCD\karyawan\system\Model.php(242): CodeIgniter\Database\BaseBuilder->get()
#5 C:\LCD\karyawan\system\BaseModel.php(638): CodeIgniter\Model->doFindAll(0, 0)
#6 C:\LCD\karyawan\app\Controllers\Karyawan.php(22): CodeIgniter\BaseModel->findAll()
#7 C:\LCD\karyawan\system\CodeIgniter.php(941): App\Controllers\Karyawan->index()
#8 C:\LCD\karyawan\system\CodeIgniter.php(502): CodeIgniter\CodeIgniter->runController(Object(App\Controllers\Karyawan))
#9 C:\LCD\karyawan\system\CodeIgniter.php(361): CodeIgniter\CodeIgniter->handleRequest(NULL, Object(Config\Cache), false)
#10 C:\LCD\karyawan\public\index.php(79): CodeIgniter\CodeIgniter->run()
#11 C:\LCD\karyawan\system\Commands\Server\rewrite.php(47): require_once('C:\\LCD\\karyawan...')
#12 {main}
ERROR - 2024-03-17 08:15:50 --> mysqli_sql_exception: Table 'karyawan_db.makanan_favorite' doesn't exist in C:\LCD\karyawan\system\Database\MySQLi\Connection.php:306
Stack trace:
#0 C:\LCD\karyawan\system\Database\MySQLi\Connection.php(306): mysqli->query('SELECT `karyawa...', 0)
#1 C:\LCD\karyawan\system\Database\BaseConnection.php(693): CodeIgniter\Database\MySQLi\Connection->execute('SELECT `karyawa...')
#2 C:\LCD\karyawan\system\Database\BaseConnection.php(607): CodeIgniter\Database\BaseConnection->simpleQuery('SELECT `karyawa...')
#3 C:\LCD\karyawan\system\Database\BaseBuilder.php(1616): CodeIgniter\Database\BaseConnection->query('SELECT `karyawa...', Array, false)
#4 C:\LCD\karyawan\system\Model.php(242): CodeIgniter\Database\BaseBuilder->get()
#5 C:\LCD\karyawan\system\BaseModel.php(638): CodeIgniter\Model->doFindAll(0, 0)
#6 C:\LCD\karyawan\app\Controllers\Karyawan.php(22): CodeIgniter\BaseModel->findAll()
#7 C:\LCD\karyawan\system\CodeIgniter.php(941): App\Controllers\Karyawan->index()
#8 C:\LCD\karyawan\system\CodeIgniter.php(502): CodeIgniter\CodeIgniter->runController(Object(App\Controllers\Karyawan))
#9 C:\LCD\karyawan\system\CodeIgniter.php(361): CodeIgniter\CodeIgniter->handleRequest(NULL, Object(Config\Cache), false)
#10 C:\LCD\karyawan\public\index.php(79): CodeIgniter\CodeIgniter->run()
#11 C:\LCD\karyawan\system\Commands\Server\rewrite.php(47): require_once('C:\\LCD\\karyawan...')
#12 {main}
ERROR - 2024-03-17 08:16:06 --> mysqli_sql_exception: Unknown column 'makanan.nama' in 'field list' in C:\LCD\karyawan\system\Database\MySQLi\Connection.php:306
Stack trace:
#0 C:\LCD\karyawan\system\Database\MySQLi\Connection.php(306): mysqli->query('SELECT `karyawa...', 0)
#1 C:\LCD\karyawan\system\Database\BaseConnection.php(693): CodeIgniter\Database\MySQLi\Connection->execute('SELECT `karyawa...')
#2 C:\LCD\karyawan\system\Database\BaseConnection.php(607): CodeIgniter\Database\BaseConnection->simpleQuery('SELECT `karyawa...')
#3 C:\LCD\karyawan\system\Database\BaseBuilder.php(1616): CodeIgniter\Database\BaseConnection->query('SELECT `karyawa...', Array, false)
#4 C:\LCD\karyawan\system\Model.php(242): CodeIgniter\Database\BaseBuilder->get()
#5 C:\LCD\karyawan\system\BaseModel.php(638): CodeIgniter\Model->doFindAll(0, 0)
#6 C:\LCD\karyawan\app\Controllers\Karyawan.php(22): CodeIgniter\BaseModel->findAll()
#7 C:\LCD\karyawan\system\CodeIgniter.php(941): App\Controllers\Karyawan->index()
#8 C:\LCD\karyawan\system\CodeIgniter.php(502): CodeIgniter\CodeIgniter->runController(Object(App\Controllers\Karyawan))
#9 C:\LCD\karyawan\system\CodeIgniter.php(361): CodeIgniter\CodeIgniter->handleRequest(NULL, Object(Config\Cache), false)
#10 C:\LCD\karyawan\public\index.php(79): CodeIgniter\CodeIgniter->run()
#11 C:\LCD\karyawan\system\Commands\Server\rewrite.php(47): require_once('C:\\LCD\\karyawan...')
#12 {main}
ERROR - 2024-03-17 08:16:08 --> mysqli_sql_exception: Unknown column 'makanan.nama' in 'field list' in C:\LCD\karyawan\system\Database\MySQLi\Connection.php:306
Stack trace:
#0 C:\LCD\karyawan\system\Database\MySQLi\Connection.php(306): mysqli->query('SELECT `karyawa...', 0)
#1 C:\LCD\karyawan\system\Database\BaseConnection.php(693): CodeIgniter\Database\MySQLi\Connection->execute('SELECT `karyawa...')
#2 C:\LCD\karyawan\system\Database\BaseConnection.php(607): CodeIgniter\Database\BaseConnection->simpleQuery('SELECT `karyawa...')
#3 C:\LCD\karyawan\system\Database\BaseBuilder.php(1616): CodeIgniter\Database\BaseConnection->query('SELECT `karyawa...', Array, false)
#4 C:\LCD\karyawan\system\Model.php(242): CodeIgniter\Database\BaseBuilder->get()
#5 C:\LCD\karyawan\system\BaseModel.php(638): CodeIgniter\Model->doFindAll(0, 0)
#6 C:\LCD\karyawan\app\Controllers\Karyawan.php(22): CodeIgniter\BaseModel->findAll()
#7 C:\LCD\karyawan\system\CodeIgniter.php(941): App\Controllers\Karyawan->index()
#8 C:\LCD\karyawan\system\CodeIgniter.php(502): CodeIgniter\CodeIgniter->runController(Object(App\Controllers\Karyawan))
#9 C:\LCD\karyawan\system\CodeIgniter.php(361): CodeIgniter\CodeIgniter->handleRequest(NULL, Object(Config\Cache), false)
#10 C:\LCD\karyawan\public\index.php(79): CodeIgniter\CodeIgniter->run()
#11 C:\LCD\karyawan\system\Commands\Server\rewrite.php(47): require_once('C:\\LCD\\karyawan...')
#12 {main}
ERROR - 2024-03-17 08:16:08 --> mysqli_sql_exception: Unknown column 'makanan.nama' in 'field list' in C:\LCD\karyawan\system\Database\MySQLi\Connection.php:306
Stack trace:
#0 C:\LCD\karyawan\system\Database\MySQLi\Connection.php(306): mysqli->query('SELECT `karyawa...', 0)
#1 C:\LCD\karyawan\system\Database\BaseConnection.php(693): CodeIgniter\Database\MySQLi\Connection->execute('SELECT `karyawa...')
#2 C:\LCD\karyawan\system\Database\BaseConnection.php(607): CodeIgniter\Database\BaseConnection->simpleQuery('SELECT `karyawa...')
#3 C:\LCD\karyawan\system\Database\BaseBuilder.php(1616): CodeIgniter\Database\BaseConnection->query('SELECT `karyawa...', Array, false)
#4 C:\LCD\karyawan\system\Model.php(242): CodeIgniter\Database\BaseBuilder->get()
#5 C:\LCD\karyawan\system\BaseModel.php(638): CodeIgniter\Model->doFindAll(0, 0)
#6 C:\LCD\karyawan\app\Controllers\Karyawan.php(22): CodeIgniter\BaseModel->findAll()
#7 C:\LCD\karyawan\system\CodeIgniter.php(941): App\Controllers\Karyawan->index()
#8 C:\LCD\karyawan\system\CodeIgniter.php(502): CodeIgniter\CodeIgniter->runController(Object(App\Controllers\Karyawan))
#9 C:\LCD\karyawan\system\CodeIgniter.php(361): CodeIgniter\CodeIgniter->handleRequest(NULL, Object(Config\Cache), false)
#10 C:\LCD\karyawan\public\index.php(79): CodeIgniter\CodeIgniter->run()
#11 C:\LCD\karyawan\system\Commands\Server\rewrite.php(47): require_once('C:\\LCD\\karyawan...')
#12 {main}
ERROR - 2024-03-17 08:16:18 --> mysqli_sql_exception: Unknown column 'makanan_favorit.id_karyawan' in 'on clause' in C:\LCD\karyawan\system\Database\MySQLi\Connection.php:306
Stack trace:
#0 C:\LCD\karyawan\system\Database\MySQLi\Connection.php(306): mysqli->query('SELECT `karyawa...', 0)
#1 C:\LCD\karyawan\system\Database\BaseConnection.php(693): CodeIgniter\Database\MySQLi\Connection->execute('SELECT `karyawa...')
#2 C:\LCD\karyawan\system\Database\BaseConnection.php(607): CodeIgniter\Database\BaseConnection->simpleQuery('SELECT `karyawa...')
#3 C:\LCD\karyawan\system\Database\BaseBuilder.php(1616): CodeIgniter\Database\BaseConnection->query('SELECT `karyawa...', Array, false)
#4 C:\LCD\karyawan\system\Model.php(242): CodeIgniter\Database\BaseBuilder->get()
#5 C:\LCD\karyawan\system\BaseModel.php(638): CodeIgniter\Model->doFindAll(0, 0)
#6 C:\LCD\karyawan\app\Controllers\Karyawan.php(22): CodeIgniter\BaseModel->findAll()
#7 C:\LCD\karyawan\system\CodeIgniter.php(941): App\Controllers\Karyawan->index()
#8 C:\LCD\karyawan\system\CodeIgniter.php(502): CodeIgniter\CodeIgniter->runController(Object(App\Controllers\Karyawan))
#9 C:\LCD\karyawan\system\CodeIgniter.php(361): CodeIgniter\CodeIgniter->handleRequest(NULL, Object(Config\Cache), false)
#10 C:\LCD\karyawan\public\index.php(79): CodeIgniter\CodeIgniter->run()
#11 C:\LCD\karyawan\system\Commands\Server\rewrite.php(47): require_once('C:\\LCD\\karyawan...')
#12 {main}
ERROR - 2024-03-17 08:16:19 --> mysqli_sql_exception: Unknown column 'makanan_favorit.id_karyawan' in 'on clause' in C:\LCD\karyawan\system\Database\MySQLi\Connection.php:306
Stack trace:
#0 C:\LCD\karyawan\system\Database\MySQLi\Connection.php(306): mysqli->query('SELECT `karyawa...', 0)
#1 C:\LCD\karyawan\system\Database\BaseConnection.php(693): CodeIgniter\Database\MySQLi\Connection->execute('SELECT `karyawa...')
#2 C:\LCD\karyawan\system\Database\BaseConnection.php(607): CodeIgniter\Database\BaseConnection->simpleQuery('SELECT `karyawa...')
#3 C:\LCD\karyawan\system\Database\BaseBuilder.php(1616): CodeIgniter\Database\BaseConnection->query('SELECT `karyawa...', Array, false)
#4 C:\LCD\karyawan\system\Model.php(242): CodeIgniter\Database\BaseBuilder->get()
#5 C:\LCD\karyawan\system\BaseModel.php(638): CodeIgniter\Model->doFindAll(0, 0)
#6 C:\LCD\karyawan\app\Controllers\Karyawan.php(22): CodeIgniter\BaseModel->findAll()
#7 C:\LCD\karyawan\system\CodeIgniter.php(941): App\Controllers\Karyawan->index()
#8 C:\LCD\karyawan\system\CodeIgniter.php(502): CodeIgniter\CodeIgniter->runController(Object(App\Controllers\Karyawan))
#9 C:\LCD\karyawan\system\CodeIgniter.php(361): CodeIgniter\CodeIgniter->handleRequest(NULL, Object(Config\Cache), false)
#10 C:\LCD\karyawan\public\index.php(79): CodeIgniter\CodeIgniter->run()
#11 C:\LCD\karyawan\system\Commands\Server\rewrite.php(47): require_once('C:\\LCD\\karyawan...')
#12 {main}
ERROR - 2024-03-17 08:16:34 --> mysqli_sql_exception: Unknown column 'makanan_favorit.id_makanan' in 'on clause' in C:\LCD\karyawan\system\Database\MySQLi\Connection.php:306
Stack trace:
#0 C:\LCD\karyawan\system\Database\MySQLi\Connection.php(306): mysqli->query('SELECT `karyawa...', 0)
#1 C:\LCD\karyawan\system\Database\BaseConnection.php(693): CodeIgniter\Database\MySQLi\Connection->execute('SELECT `karyawa...')
#2 C:\LCD\karyawan\system\Database\BaseConnection.php(607): CodeIgniter\Database\BaseConnection->simpleQuery('SELECT `karyawa...')
#3 C:\LCD\karyawan\system\Database\BaseBuilder.php(1616): CodeIgniter\Database\BaseConnection->query('SELECT `karyawa...', Array, false)
#4 C:\LCD\karyawan\system\Model.php(242): CodeIgniter\Database\BaseBuilder->get()
#5 C:\LCD\karyawan\system\BaseModel.php(638): CodeIgniter\Model->doFindAll(0, 0)
#6 C:\LCD\karyawan\app\Controllers\Karyawan.php(22): CodeIgniter\BaseModel->findAll()
#7 C:\LCD\karyawan\system\CodeIgniter.php(941): App\Controllers\Karyawan->index()
#8 C:\LCD\karyawan\system\CodeIgniter.php(502): CodeIgniter\CodeIgniter->runController(Object(App\Controllers\Karyawan))
#9 C:\LCD\karyawan\system\CodeIgniter.php(361): CodeIgniter\CodeIgniter->handleRequest(NULL, Object(Config\Cache), false)
#10 C:\LCD\karyawan\public\index.php(79): CodeIgniter\CodeIgniter->run()
#11 C:\LCD\karyawan\system\Commands\Server\rewrite.php(47): require_once('C:\\LCD\\karyawan...')
#12 {main}
ERROR - 2024-03-17 08:16:34 --> mysqli_sql_exception: Unknown column 'makanan_favorit.id_makanan' in 'on clause' in C:\LCD\karyawan\system\Database\MySQLi\Connection.php:306
Stack trace:
#0 C:\LCD\karyawan\system\Database\MySQLi\Connection.php(306): mysqli->query('SELECT `karyawa...', 0)
#1 C:\LCD\karyawan\system\Database\BaseConnection.php(693): CodeIgniter\Database\MySQLi\Connection->execute('SELECT `karyawa...')
#2 C:\LCD\karyawan\system\Database\BaseConnection.php(607): CodeIgniter\Database\BaseConnection->simpleQuery('SELECT `karyawa...')
#3 C:\LCD\karyawan\system\Database\BaseBuilder.php(1616): CodeIgniter\Database\BaseConnection->query('SELECT `karyawa...', Array, false)
#4 C:\LCD\karyawan\system\Model.php(242): CodeIgniter\Database\BaseBuilder->get()
#5 C:\LCD\karyawan\system\BaseModel.php(638): CodeIgniter\Model->doFindAll(0, 0)
#6 C:\LCD\karyawan\app\Controllers\Karyawan.php(22): CodeIgniter\BaseModel->findAll()
#7 C:\LCD\karyawan\system\CodeIgniter.php(941): App\Controllers\Karyawan->index()
#8 C:\LCD\karyawan\system\CodeIgniter.php(502): CodeIgniter\CodeIgniter->runController(Object(App\Controllers\Karyawan))
#9 C:\LCD\karyawan\system\CodeIgniter.php(361): CodeIgniter\CodeIgniter->handleRequest(NULL, Object(Config\Cache), false)
#10 C:\LCD\karyawan\public\index.php(79): CodeIgniter\CodeIgniter->run()
#11 C:\LCD\karyawan\system\Commands\Server\rewrite.php(47): require_once('C:\\LCD\\karyawan...')
#12 {main}
CRITICAL - 2024-03-17 08:19:37 --> ErrorException: Undefined variable $karyawan
in APPPATH\Views\karyawan\karyawan.php on line 47.
 1 APPPATH\Views\karyawan\karyawan.php(47): CodeIgniter\Debug\Exceptions->errorHandler(2, 'Undefined variable $karyawan', 'C:\\LCD\\karyawan\\app\\Views\\karyawan\\karyawan.php', 47)
 2 SYSTEMPATH\View\View.php(228): include('C:\\LCD\\karyawan\\app\\Views\\karyawan\\karyawan.php')
 3 SYSTEMPATH\View\View.php(231): CodeIgniter\View\View->CodeIgniter\View\{closure}()
 4 SYSTEMPATH\Common.php(1178): CodeIgniter\View\View->render('karyawan/karyawan', [], true)
 5 APPPATH\Controllers\Karyawan.php(34): view('karyawan/karyawan', [...])
 6 SYSTEMPATH\CodeIgniter.php(941): App\Controllers\Karyawan->index()
 7 SYSTEMPATH\CodeIgniter.php(502): CodeIgniter\CodeIgniter->runController(Object(App\Controllers\Karyawan))
 8 SYSTEMPATH\CodeIgniter.php(361): CodeIgniter\CodeIgniter->handleRequest(null, Object(Config\Cache), false)
 9 FCPATH\index.php(79): CodeIgniter\CodeIgniter->run()
10 SYSTEMPATH\Commands\Server\rewrite.php(47): require_once('C:\\LCD\\karyawan\\public\\index.php')
CRITICAL - 2024-03-17 08:19:46 --> ErrorException: Undefined variable $data
in APPPATH\Views\karyawan\karyawan.php on line 47.
 1 APPPATH\Views\karyawan\karyawan.php(47): CodeIgniter\Debug\Exceptions->errorHandler(2, 'Undefined variable $data', 'C:\\LCD\\karyawan\\app\\Views\\karyawan\\karyawan.php', 47)
 2 SYSTEMPATH\View\View.php(228): include('C:\\LCD\\karyawan\\app\\Views\\karyawan\\karyawan.php')
 3 SYSTEMPATH\View\View.php(231): CodeIgniter\View\View->CodeIgniter\View\{closure}()
 4 SYSTEMPATH\Common.php(1178): CodeIgniter\View\View->render('karyawan/karyawan', [], true)
 5 APPPATH\Controllers\Karyawan.php(34): view('karyawan/karyawan', [...])
 6 SYSTEMPATH\CodeIgniter.php(941): App\Controllers\Karyawan->index()
 7 SYSTEMPATH\CodeIgniter.php(502): CodeIgniter\CodeIgniter->runController(Object(App\Controllers\Karyawan))
 8 SYSTEMPATH\CodeIgniter.php(361): CodeIgniter\CodeIgniter->handleRequest(null, Object(Config\Cache), false)
 9 FCPATH\index.php(79): CodeIgniter\CodeIgniter->run()
10 SYSTEMPATH\Commands\Server\rewrite.php(47): require_once('C:\\LCD\\karyawan\\public\\index.php')
CRITICAL - 2024-03-17 08:19:53 --> ErrorException: Undefined variable $data
in APPPATH\Views\karyawan\karyawan.php on line 47.
 1 APPPATH\Views\karyawan\karyawan.php(47): CodeIgniter\Debug\Exceptions->errorHandler(2, 'Undefined variable $data', 'C:\\LCD\\karyawan\\app\\Views\\karyawan\\karyawan.php', 47)
 2 SYSTEMPATH\View\View.php(228): include('C:\\LCD\\karyawan\\app\\Views\\karyawan\\karyawan.php')
 3 SYSTEMPATH\View\View.php(231): CodeIgniter\View\View->CodeIgniter\View\{closure}()
 4 SYSTEMPATH\Common.php(1178): CodeIgniter\View\View->render('karyawan/karyawan', [], true)
 5 APPPATH\Controllers\Karyawan.php(34): view('karyawan/karyawan', [...])
 6 SYSTEMPATH\CodeIgniter.php(941): App\Controllers\Karyawan->index()
 7 SYSTEMPATH\CodeIgniter.php(502): CodeIgniter\CodeIgniter->runController(Object(App\Controllers\Karyawan))
 8 SYSTEMPATH\CodeIgniter.php(361): CodeIgniter\CodeIgniter->handleRequest(null, Object(Config\Cache), false)
 9 FCPATH\index.php(79): CodeIgniter\CodeIgniter->run()
10 SYSTEMPATH\Commands\Server\rewrite.php(47): require_once('C:\\LCD\\karyawan\\public\\index.php')
CRITICAL - 2024-03-17 08:19:54 --> ErrorException: Undefined variable $data
in APPPATH\Views\karyawan\karyawan.php on line 47.
 1 APPPATH\Views\karyawan\karyawan.php(47): CodeIgniter\Debug\Exceptions->errorHandler(2, 'Undefined variable $data', 'C:\\LCD\\karyawan\\app\\Views\\karyawan\\karyawan.php', 47)
 2 SYSTEMPATH\View\View.php(228): include('C:\\LCD\\karyawan\\app\\Views\\karyawan\\karyawan.php')
 3 SYSTEMPATH\View\View.php(231): CodeIgniter\View\View->CodeIgniter\View\{closure}()
 4 SYSTEMPATH\Common.php(1178): CodeIgniter\View\View->render('karyawan/karyawan', [], true)
 5 APPPATH\Controllers\Karyawan.php(34): view('karyawan/karyawan', [...])
 6 SYSTEMPATH\CodeIgniter.php(941): App\Controllers\Karyawan->index()
 7 SYSTEMPATH\CodeIgniter.php(502): CodeIgniter\CodeIgniter->runController(Object(App\Controllers\Karyawan))
 8 SYSTEMPATH\CodeIgniter.php(361): CodeIgniter\CodeIgniter->handleRequest(null, Object(Config\Cache), false)
 9 FCPATH\index.php(79): CodeIgniter\CodeIgniter->run()
10 SYSTEMPATH\Commands\Server\rewrite.php(47): require_once('C:\\LCD\\karyawan\\public\\index.php')
CRITICAL - 2024-03-17 10:43:13 --> ErrorException: Undefined variable $data
in APPPATH\Views\karyawan\karyawan.php on line 47.
 1 APPPATH\Views\karyawan\karyawan.php(47): CodeIgniter\Debug\Exceptions->errorHandler(2, 'Undefined variable $data', 'C:\\LCD\\karyawan\\app\\Views\\karyawan\\karyawan.php', 47)
 2 SYSTEMPATH\View\View.php(228): include('C:\\LCD\\karyawan\\app\\Views\\karyawan\\karyawan.php')
 3 SYSTEMPATH\View\View.php(231): CodeIgniter\View\View->CodeIgniter\View\{closure}()
 4 SYSTEMPATH\Common.php(1178): CodeIgniter\View\View->render('karyawan/karyawan', [], true)
 5 APPPATH\Controllers\Karyawan.php(34): view('karyawan/karyawan', [...])
 6 SYSTEMPATH\CodeIgniter.php(941): App\Controllers\Karyawan->index()
 7 SYSTEMPATH\CodeIgniter.php(502): CodeIgniter\CodeIgniter->runController(Object(App\Controllers\Karyawan))
 8 SYSTEMPATH\CodeIgniter.php(361): CodeIgniter\CodeIgniter->handleRequest(null, Object(Config\Cache), false)
 9 FCPATH\index.php(79): CodeIgniter\CodeIgniter->run()
10 SYSTEMPATH\Commands\Server\rewrite.php(47): require_once('C:\\LCD\\karyawan\\public\\index.php')
CRITICAL - 2024-03-17 10:43:15 --> ErrorException: Undefined variable $data
in APPPATH\Views\karyawan\karyawan.php on line 47.
 1 APPPATH\Views\karyawan\karyawan.php(47): CodeIgniter\Debug\Exceptions->errorHandler(2, 'Undefined variable $data', 'C:\\LCD\\karyawan\\app\\Views\\karyawan\\karyawan.php', 47)
 2 SYSTEMPATH\View\View.php(228): include('C:\\LCD\\karyawan\\app\\Views\\karyawan\\karyawan.php')
 3 SYSTEMPATH\View\View.php(231): CodeIgniter\View\View->CodeIgniter\View\{closure}()
 4 SYSTEMPATH\Common.php(1178): CodeIgniter\View\View->render('karyawan/karyawan', [], true)
 5 APPPATH\Controllers\Karyawan.php(34): view('karyawan/karyawan', [...])
 6 SYSTEMPATH\CodeIgniter.php(941): App\Controllers\Karyawan->index()
 7 SYSTEMPATH\CodeIgniter.php(502): CodeIgniter\CodeIgniter->runController(Object(App\Controllers\Karyawan))
 8 SYSTEMPATH\CodeIgniter.php(361): CodeIgniter\CodeIgniter->handleRequest(null, Object(Config\Cache), false)
 9 FCPATH\index.php(79): CodeIgniter\CodeIgniter->run()
10 SYSTEMPATH\Commands\Server\rewrite.php(47): require_once('C:\\LCD\\karyawan\\public\\index.php')
CRITICAL - 2024-03-17 10:43:16 --> ErrorException: Undefined variable $data
in APPPATH\Views\karyawan\karyawan.php on line 47.
 1 APPPATH\Views\karyawan\karyawan.php(47): CodeIgniter\Debug\Exceptions->errorHandler(2, 'Undefined variable $data', 'C:\\LCD\\karyawan\\app\\Views\\karyawan\\karyawan.php', 47)
 2 SYSTEMPATH\View\View.php(228): include('C:\\LCD\\karyawan\\app\\Views\\karyawan\\karyawan.php')
 3 SYSTEMPATH\View\View.php(231): CodeIgniter\View\View->CodeIgniter\View\{closure}()
 4 SYSTEMPATH\Common.php(1178): CodeIgniter\View\View->render('karyawan/karyawan', [], true)
 5 APPPATH\Controllers\Karyawan.php(34): view('karyawan/karyawan', [...])
 6 SYSTEMPATH\CodeIgniter.php(941): App\Controllers\Karyawan->index()
 7 SYSTEMPATH\CodeIgniter.php(502): CodeIgniter\CodeIgniter->runController(Object(App\Controllers\Karyawan))
 8 SYSTEMPATH\CodeIgniter.php(361): CodeIgniter\CodeIgniter->handleRequest(null, Object(Config\Cache), false)
 9 FCPATH\index.php(79): CodeIgniter\CodeIgniter->run()
10 SYSTEMPATH\Commands\Server\rewrite.php(47): require_once('C:\\LCD\\karyawan\\public\\index.php')
CRITICAL - 2024-03-17 10:43:22 --> ErrorException: Undefined variable $data
in APPPATH\Views\karyawan\karyawan.php on line 47.
 1 APPPATH\Views\karyawan\karyawan.php(47): CodeIgniter\Debug\Exceptions->errorHandler(2, 'Undefined variable $data', 'C:\\LCD\\karyawan\\app\\Views\\karyawan\\karyawan.php', 47)
 2 SYSTEMPATH\View\View.php(228): include('C:\\LCD\\karyawan\\app\\Views\\karyawan\\karyawan.php')
 3 SYSTEMPATH\View\View.php(231): CodeIgniter\View\View->CodeIgniter\View\{closure}()
 4 SYSTEMPATH\Common.php(1178): CodeIgniter\View\View->render('karyawan/karyawan', [], true)
 5 APPPATH\Controllers\Karyawan.php(34): view('karyawan/karyawan', [...])
 6 SYSTEMPATH\CodeIgniter.php(941): App\Controllers\Karyawan->index()
 7 SYSTEMPATH\CodeIgniter.php(502): CodeIgniter\CodeIgniter->runController(Object(App\Controllers\Karyawan))
 8 SYSTEMPATH\CodeIgniter.php(361): CodeIgniter\CodeIgniter->handleRequest(null, Object(Config\Cache), false)
 9 FCPATH\index.php(79): CodeIgniter\CodeIgniter->run()
10 SYSTEMPATH\Commands\Server\rewrite.php(47): require_once('C:\\LCD\\karyawan\\public\\index.php')
CRITICAL - 2024-03-17 10:43:23 --> ErrorException: Undefined variable $data
in APPPATH\Views\karyawan\karyawan.php on line 47.
 1 APPPATH\Views\karyawan\karyawan.php(47): CodeIgniter\Debug\Exceptions->errorHandler(2, 'Undefined variable $data', 'C:\\LCD\\karyawan\\app\\Views\\karyawan\\karyawan.php', 47)
 2 SYSTEMPATH\View\View.php(228): include('C:\\LCD\\karyawan\\app\\Views\\karyawan\\karyawan.php')
 3 SYSTEMPATH\View\View.php(231): CodeIgniter\View\View->CodeIgniter\View\{closure}()
 4 SYSTEMPATH\Common.php(1178): CodeIgniter\View\View->render('karyawan/karyawan', [], true)
 5 APPPATH\Controllers\Karyawan.php(34): view('karyawan/karyawan', [...])
 6 SYSTEMPATH\CodeIgniter.php(941): App\Controllers\Karyawan->index()
 7 SYSTEMPATH\CodeIgniter.php(502): CodeIgniter\CodeIgniter->runController(Object(App\Controllers\Karyawan))
 8 SYSTEMPATH\CodeIgniter.php(361): CodeIgniter\CodeIgniter->handleRequest(null, Object(Config\Cache), false)
 9 FCPATH\index.php(79): CodeIgniter\CodeIgniter->run()
10 SYSTEMPATH\Commands\Server\rewrite.php(47): require_once('C:\\LCD\\karyawan\\public\\index.php')
CRITICAL - 2024-03-17 10:43:33 --> ErrorException: Undefined variable $data
in APPPATH\Views\karyawan\karyawan.php on line 47.
 1 APPPATH\Views\karyawan\karyawan.php(47): CodeIgniter\Debug\Exceptions->errorHandler(2, 'Undefined variable $data', 'C:\\LCD\\karyawan\\app\\Views\\karyawan\\karyawan.php', 47)
 2 SYSTEMPATH\View\View.php(228): include('C:\\LCD\\karyawan\\app\\Views\\karyawan\\karyawan.php')
 3 SYSTEMPATH\View\View.php(231): CodeIgniter\View\View->CodeIgniter\View\{closure}()
 4 SYSTEMPATH\Common.php(1178): CodeIgniter\View\View->render('karyawan/karyawan', [], true)
 5 APPPATH\Controllers\Karyawan.php(34): view('karyawan/karyawan', [...])
 6 SYSTEMPATH\CodeIgniter.php(941): App\Controllers\Karyawan->index()
 7 SYSTEMPATH\CodeIgniter.php(502): CodeIgniter\CodeIgniter->runController(Object(App\Controllers\Karyawan))
 8 SYSTEMPATH\CodeIgniter.php(361): CodeIgniter\CodeIgniter->handleRequest(null, Object(Config\Cache), false)
 9 FCPATH\index.php(79): CodeIgniter\CodeIgniter->run()
10 SYSTEMPATH\Commands\Server\rewrite.php(47): require_once('C:\\LCD\\karyawan\\public\\index.php')
CRITICAL - 2024-03-17 10:43:34 --> ErrorException: Undefined variable $data
in APPPATH\Views\karyawan\karyawan.php on line 47.
 1 APPPATH\Views\karyawan\karyawan.php(47): CodeIgniter\Debug\Exceptions->errorHandler(2, 'Undefined variable $data', 'C:\\LCD\\karyawan\\app\\Views\\karyawan\\karyawan.php', 47)
 2 SYSTEMPATH\View\View.php(228): include('C:\\LCD\\karyawan\\app\\Views\\karyawan\\karyawan.php')
 3 SYSTEMPATH\View\View.php(231): CodeIgniter\View\View->CodeIgniter\View\{closure}()
 4 SYSTEMPATH\Common.php(1178): CodeIgniter\View\View->render('karyawan/karyawan', [], true)
 5 APPPATH\Controllers\Karyawan.php(34): view('karyawan/karyawan', [...])
 6 SYSTEMPATH\CodeIgniter.php(941): App\Controllers\Karyawan->index()
 7 SYSTEMPATH\CodeIgniter.php(502): CodeIgniter\CodeIgniter->runController(Object(App\Controllers\Karyawan))
 8 SYSTEMPATH\CodeIgniter.php(361): CodeIgniter\CodeIgniter->handleRequest(null, Object(Config\Cache), false)
 9 FCPATH\index.php(79): CodeIgniter\CodeIgniter->run()
10 SYSTEMPATH\Commands\Server\rewrite.php(47): require_once('C:\\LCD\\karyawan\\public\\index.php')
CRITICAL - 2024-03-17 10:43:54 --> ErrorException: Undefined variable $data
in APPPATH\Views\karyawan\karyawan.php on line 47.
 1 APPPATH\Views\karyawan\karyawan.php(47): CodeIgniter\Debug\Exceptions->errorHandler(2, 'Undefined variable $data', 'C:\\LCD\\karyawan\\app\\Views\\karyawan\\karyawan.php', 47)
 2 SYSTEMPATH\View\View.php(228): include('C:\\LCD\\karyawan\\app\\Views\\karyawan\\karyawan.php')
 3 SYSTEMPATH\View\View.php(231): CodeIgniter\View\View->CodeIgniter\View\{closure}()
 4 SYSTEMPATH\Common.php(1178): CodeIgniter\View\View->render('karyawan/karyawan', [], true)
 5 APPPATH\Controllers\Karyawan.php(34): view('karyawan/karyawan', [...])
 6 SYSTEMPATH\CodeIgniter.php(941): App\Controllers\Karyawan->index()
 7 SYSTEMPATH\CodeIgniter.php(502): CodeIgniter\CodeIgniter->runController(Object(App\Controllers\Karyawan))
 8 SYSTEMPATH\CodeIgniter.php(361): CodeIgniter\CodeIgniter->handleRequest(null, Object(Config\Cache), false)
 9 FCPATH\index.php(79): CodeIgniter\CodeIgniter->run()
10 SYSTEMPATH\Commands\Server\rewrite.php(47): require_once('C:\\LCD\\karyawan\\public\\index.php')
CRITICAL - 2024-03-17 10:43:58 --> ErrorException: Undefined variable $data
in APPPATH\Views\karyawan\karyawan.php on line 47.
 1 APPPATH\Views\karyawan\karyawan.php(47): CodeIgniter\Debug\Exceptions->errorHandler(2, 'Undefined variable $data', 'C:\\LCD\\karyawan\\app\\Views\\karyawan\\karyawan.php', 47)
 2 SYSTEMPATH\View\View.php(228): include('C:\\LCD\\karyawan\\app\\Views\\karyawan\\karyawan.php')
 3 SYSTEMPATH\View\View.php(231): CodeIgniter\View\View->CodeIgniter\View\{closure}()
 4 SYSTEMPATH\Common.php(1178): CodeIgniter\View\View->render('karyawan/karyawan', [], true)
 5 APPPATH\Controllers\Karyawan.php(34): view('karyawan/karyawan', [...])
 6 SYSTEMPATH\CodeIgniter.php(941): App\Controllers\Karyawan->index()
 7 SYSTEMPATH\CodeIgniter.php(502): CodeIgniter\CodeIgniter->runController(Object(App\Controllers\Karyawan))
 8 SYSTEMPATH\CodeIgniter.php(361): CodeIgniter\CodeIgniter->handleRequest(null, Object(Config\Cache), false)
 9 FCPATH\index.php(79): CodeIgniter\CodeIgniter->run()
10 SYSTEMPATH\Commands\Server\rewrite.php(47): require_once('C:\\LCD\\karyawan\\public\\index.php')
CRITICAL - 2024-03-17 10:44:15 --> ErrorException: Undefined variable $data
in APPPATH\Views\karyawan\karyawan.php on line 47.
 1 APPPATH\Views\karyawan\karyawan.php(47): CodeIgniter\Debug\Exceptions->errorHandler(2, 'Undefined variable $data', 'C:\\LCD\\karyawan\\app\\Views\\karyawan\\karyawan.php', 47)
 2 SYSTEMPATH\View\View.php(228): include('C:\\LCD\\karyawan\\app\\Views\\karyawan\\karyawan.php')
 3 SYSTEMPATH\View\View.php(231): CodeIgniter\View\View->CodeIgniter\View\{closure}()
 4 SYSTEMPATH\Common.php(1178): CodeIgniter\View\View->render('karyawan/karyawan', [], true)
 5 APPPATH\Controllers\Karyawan.php(34): view('karyawan/karyawan', [...])
 6 SYSTEMPATH\CodeIgniter.php(941): App\Controllers\Karyawan->index()
 7 SYSTEMPATH\CodeIgniter.php(502): CodeIgniter\CodeIgniter->runController(Object(App\Controllers\Karyawan))
 8 SYSTEMPATH\CodeIgniter.php(361): CodeIgniter\CodeIgniter->handleRequest(null, Object(Config\Cache), false)
 9 FCPATH\index.php(79): CodeIgniter\CodeIgniter->run()
10 SYSTEMPATH\Commands\Server\rewrite.php(47): require_once('C:\\LCD\\karyawan\\public\\index.php')
CRITICAL - 2024-03-17 10:44:16 --> ErrorException: Undefined variable $data
in APPPATH\Views\karyawan\karyawan.php on line 47.
 1 APPPATH\Views\karyawan\karyawan.php(47): CodeIgniter\Debug\Exceptions->errorHandler(2, 'Undefined variable $data', 'C:\\LCD\\karyawan\\app\\Views\\karyawan\\karyawan.php', 47)
 2 SYSTEMPATH\View\View.php(228): include('C:\\LCD\\karyawan\\app\\Views\\karyawan\\karyawan.php')
 3 SYSTEMPATH\View\View.php(231): CodeIgniter\View\View->CodeIgniter\View\{closure}()
 4 SYSTEMPATH\Common.php(1178): CodeIgniter\View\View->render('karyawan/karyawan', [], true)
 5 APPPATH\Controllers\Karyawan.php(34): view('karyawan/karyawan', [...])
 6 SYSTEMPATH\CodeIgniter.php(941): App\Controllers\Karyawan->index()
 7 SYSTEMPATH\CodeIgniter.php(502): CodeIgniter\CodeIgniter->runController(Object(App\Controllers\Karyawan))
 8 SYSTEMPATH\CodeIgniter.php(361): CodeIgniter\CodeIgniter->handleRequest(null, Object(Config\Cache), false)
 9 FCPATH\index.php(79): CodeIgniter\CodeIgniter->run()
10 SYSTEMPATH\Commands\Server\rewrite.php(47): require_once('C:\\LCD\\karyawan\\public\\index.php')
CRITICAL - 2024-03-17 10:44:20 --> ErrorException: Undefined variable $data
in APPPATH\Views\karyawan\karyawan.php on line 47.
 1 APPPATH\Views\karyawan\karyawan.php(47): CodeIgniter\Debug\Exceptions->errorHandler(2, 'Undefined variable $data', 'C:\\LCD\\karyawan\\app\\Views\\karyawan\\karyawan.php', 47)
 2 SYSTEMPATH\View\View.php(228): include('C:\\LCD\\karyawan\\app\\Views\\karyawan\\karyawan.php')
 3 SYSTEMPATH\View\View.php(231): CodeIgniter\View\View->CodeIgniter\View\{closure}()
 4 SYSTEMPATH\Common.php(1178): CodeIgniter\View\View->render('karyawan/karyawan', [], true)
 5 APPPATH\Controllers\Karyawan.php(34): view('karyawan/karyawan', [...])
 6 SYSTEMPATH\CodeIgniter.php(941): App\Controllers\Karyawan->index()
 7 SYSTEMPATH\CodeIgniter.php(502): CodeIgniter\CodeIgniter->runController(Object(App\Controllers\Karyawan))
 8 SYSTEMPATH\CodeIgniter.php(361): CodeIgniter\CodeIgniter->handleRequest(null, Object(Config\Cache), false)
 9 FCPATH\index.php(79): CodeIgniter\CodeIgniter->run()
10 SYSTEMPATH\Commands\Server\rewrite.php(47): require_once('C:\\LCD\\karyawan\\public\\index.php')
CRITICAL - 2024-03-17 10:44:21 --> ErrorException: Undefined variable $data
in APPPATH\Views\karyawan\karyawan.php on line 47.
 1 APPPATH\Views\karyawan\karyawan.php(47): CodeIgniter\Debug\Exceptions->errorHandler(2, 'Undefined variable $data', 'C:\\LCD\\karyawan\\app\\Views\\karyawan\\karyawan.php', 47)
 2 SYSTEMPATH\View\View.php(228): include('C:\\LCD\\karyawan\\app\\Views\\karyawan\\karyawan.php')
 3 SYSTEMPATH\View\View.php(231): CodeIgniter\View\View->CodeIgniter\View\{closure}()
 4 SYSTEMPATH\Common.php(1178): CodeIgniter\View\View->render('karyawan/karyawan', [], true)
 5 APPPATH\Controllers\Karyawan.php(34): view('karyawan/karyawan', [...])
 6 SYSTEMPATH\CodeIgniter.php(941): App\Controllers\Karyawan->index()
 7 SYSTEMPATH\CodeIgniter.php(502): CodeIgniter\CodeIgniter->runController(Object(App\Controllers\Karyawan))
 8 SYSTEMPATH\CodeIgniter.php(361): CodeIgniter\CodeIgniter->handleRequest(null, Object(Config\Cache), false)
 9 FCPATH\index.php(79): CodeIgniter\CodeIgniter->run()
10 SYSTEMPATH\Commands\Server\rewrite.php(47): require_once('C:\\LCD\\karyawan\\public\\index.php')
CRITICAL - 2024-03-17 10:45:44 --> ErrorException: Undefined variable $data
in APPPATH\Views\karyawan\karyawan.php on line 47.
 1 APPPATH\Views\karyawan\karyawan.php(47): CodeIgniter\Debug\Exceptions->errorHandler(2, 'Undefined variable $data', 'C:\\LCD\\karyawan\\app\\Views\\karyawan\\karyawan.php', 47)
 2 SYSTEMPATH\View\View.php(228): include('C:\\LCD\\karyawan\\app\\Views\\karyawan\\karyawan.php')
 3 SYSTEMPATH\View\View.php(231): CodeIgniter\View\View->CodeIgniter\View\{closure}()
 4 SYSTEMPATH\Common.php(1178): CodeIgniter\View\View->render('karyawan/karyawan', [], true)
 5 APPPATH\Controllers\Karyawan.php(34): view('karyawan/karyawan', [...])
 6 SYSTEMPATH\CodeIgniter.php(941): App\Controllers\Karyawan->index()
 7 SYSTEMPATH\CodeIgniter.php(502): CodeIgniter\CodeIgniter->runController(Object(App\Controllers\Karyawan))
 8 SYSTEMPATH\CodeIgniter.php(361): CodeIgniter\CodeIgniter->handleRequest(null, Object(Config\Cache), false)
 9 FCPATH\index.php(79): CodeIgniter\CodeIgniter->run()
10 SYSTEMPATH\Commands\Server\rewrite.php(47): require_once('C:\\LCD\\karyawan\\public\\index.php')
CRITICAL - 2024-03-17 10:50:06 --> ErrorException: Undefined variable $data
in APPPATH\Views\karyawan\karyawan.php on line 47.
 1 APPPATH\Views\karyawan\karyawan.php(47): CodeIgniter\Debug\Exceptions->errorHandler(2, 'Undefined variable $data', 'C:\\LCD\\karyawan\\app\\Views\\karyawan\\karyawan.php', 47)
 2 SYSTEMPATH\View\View.php(228): include('C:\\LCD\\karyawan\\app\\Views\\karyawan\\karyawan.php')
 3 SYSTEMPATH\View\View.php(231): CodeIgniter\View\View->CodeIgniter\View\{closure}()
 4 SYSTEMPATH\Common.php(1178): CodeIgniter\View\View->render('karyawan/karyawan', [], true)
 5 APPPATH\Controllers\Karyawan.php(34): view('karyawan/karyawan', [...])
 6 SYSTEMPATH\CodeIgniter.php(941): App\Controllers\Karyawan->index()
 7 SYSTEMPATH\CodeIgniter.php(502): CodeIgniter\CodeIgniter->runController(Object(App\Controllers\Karyawan))
 8 SYSTEMPATH\CodeIgniter.php(361): CodeIgniter\CodeIgniter->handleRequest(null, Object(Config\Cache), false)
 9 FCPATH\index.php(79): CodeIgniter\CodeIgniter->run()
10 SYSTEMPATH\Commands\Server\rewrite.php(47): require_once('C:\\LCD\\karyawan\\public\\index.php')
CRITICAL - 2024-03-17 10:50:07 --> ErrorException: Undefined variable $data
in APPPATH\Views\karyawan\karyawan.php on line 47.
 1 APPPATH\Views\karyawan\karyawan.php(47): CodeIgniter\Debug\Exceptions->errorHandler(2, 'Undefined variable $data', 'C:\\LCD\\karyawan\\app\\Views\\karyawan\\karyawan.php', 47)
 2 SYSTEMPATH\View\View.php(228): include('C:\\LCD\\karyawan\\app\\Views\\karyawan\\karyawan.php')
 3 SYSTEMPATH\View\View.php(231): CodeIgniter\View\View->CodeIgniter\View\{closure}()
 4 SYSTEMPATH\Common.php(1178): CodeIgniter\View\View->render('karyawan/karyawan', [], true)
 5 APPPATH\Controllers\Karyawan.php(34): view('karyawan/karyawan', [...])
 6 SYSTEMPATH\CodeIgniter.php(941): App\Controllers\Karyawan->index()
 7 SYSTEMPATH\CodeIgniter.php(502): CodeIgniter\CodeIgniter->runController(Object(App\Controllers\Karyawan))
 8 SYSTEMPATH\CodeIgniter.php(361): CodeIgniter\CodeIgniter->handleRequest(null, Object(Config\Cache), false)
 9 FCPATH\index.php(79): CodeIgniter\CodeIgniter->run()
10 SYSTEMPATH\Commands\Server\rewrite.php(47): require_once('C:\\LCD\\karyawan\\public\\index.php')
CRITICAL - 2024-03-17 10:50:07 --> ErrorException: Undefined variable $data
in APPPATH\Views\karyawan\karyawan.php on line 47.
 1 APPPATH\Views\karyawan\karyawan.php(47): CodeIgniter\Debug\Exceptions->errorHandler(2, 'Undefined variable $data', 'C:\\LCD\\karyawan\\app\\Views\\karyawan\\karyawan.php', 47)
 2 SYSTEMPATH\View\View.php(228): include('C:\\LCD\\karyawan\\app\\Views\\karyawan\\karyawan.php')
 3 SYSTEMPATH\View\View.php(231): CodeIgniter\View\View->CodeIgniter\View\{closure}()
 4 SYSTEMPATH\Common.php(1178): CodeIgniter\View\View->render('karyawan/karyawan', [], true)
 5 APPPATH\Controllers\Karyawan.php(34): view('karyawan/karyawan', [...])
 6 SYSTEMPATH\CodeIgniter.php(941): App\Controllers\Karyawan->index()
 7 SYSTEMPATH\CodeIgniter.php(502): CodeIgniter\CodeIgniter->runController(Object(App\Controllers\Karyawan))
 8 SYSTEMPATH\CodeIgniter.php(361): CodeIgniter\CodeIgniter->handleRequest(null, Object(Config\Cache), false)
 9 FCPATH\index.php(79): CodeIgniter\CodeIgniter->run()
10 SYSTEMPATH\Commands\Server\rewrite.php(47): require_once('C:\\LCD\\karyawan\\public\\index.php')
CRITICAL - 2024-03-17 10:50:51 --> ErrorException: Undefined variable $data
in APPPATH\Views\karyawan\karyawan.php on line 47.
 1 APPPATH\Views\karyawan\karyawan.php(47): CodeIgniter\Debug\Exceptions->errorHandler(2, 'Undefined variable $data', 'C:\\LCD\\karyawan\\app\\Views\\karyawan\\karyawan.php', 47)
 2 SYSTEMPATH\View\View.php(228): include('C:\\LCD\\karyawan\\app\\Views\\karyawan\\karyawan.php')
 3 SYSTEMPATH\View\View.php(231): CodeIgniter\View\View->CodeIgniter\View\{closure}()
 4 SYSTEMPATH\Common.php(1178): CodeIgniter\View\View->render('karyawan/karyawan', [], true)
 5 APPPATH\Controllers\Karyawan.php(34): view('karyawan/karyawan', [...])
 6 SYSTEMPATH\CodeIgniter.php(941): App\Controllers\Karyawan->index()
 7 SYSTEMPATH\CodeIgniter.php(502): CodeIgniter\CodeIgniter->runController(Object(App\Controllers\Karyawan))
 8 SYSTEMPATH\CodeIgniter.php(361): CodeIgniter\CodeIgniter->handleRequest(null, Object(Config\Cache), false)
 9 FCPATH\index.php(79): CodeIgniter\CodeIgniter->run()
10 SYSTEMPATH\Commands\Server\rewrite.php(47): require_once('C:\\LCD\\karyawan\\public\\index.php')
CRITICAL - 2024-03-17 10:50:53 --> ErrorException: Undefined variable $data
in APPPATH\Views\karyawan\karyawan.php on line 47.
 1 APPPATH\Views\karyawan\karyawan.php(47): CodeIgniter\Debug\Exceptions->errorHandler(2, 'Undefined variable $data', 'C:\\LCD\\karyawan\\app\\Views\\karyawan\\karyawan.php', 47)
 2 SYSTEMPATH\View\View.php(228): include('C:\\LCD\\karyawan\\app\\Views\\karyawan\\karyawan.php')
 3 SYSTEMPATH\View\View.php(231): CodeIgniter\View\View->CodeIgniter\View\{closure}()
 4 SYSTEMPATH\Common.php(1178): CodeIgniter\View\View->render('karyawan/karyawan', [], true)
 5 APPPATH\Controllers\Karyawan.php(34): view('karyawan/karyawan', [...])
 6 SYSTEMPATH\CodeIgniter.php(941): App\Controllers\Karyawan->index()
 7 SYSTEMPATH\CodeIgniter.php(502): CodeIgniter\CodeIgniter->runController(Object(App\Controllers\Karyawan))
 8 SYSTEMPATH\CodeIgniter.php(361): CodeIgniter\CodeIgniter->handleRequest(null, Object(Config\Cache), false)
 9 FCPATH\index.php(79): CodeIgniter\CodeIgniter->run()
10 SYSTEMPATH\Commands\Server\rewrite.php(47): require_once('C:\\LCD\\karyawan\\public\\index.php')
CRITICAL - 2024-03-17 10:51:11 --> ErrorException: Undefined variable $data
in APPPATH\Views\karyawan\karyawan.php on line 47.
 1 APPPATH\Views\karyawan\karyawan.php(47): CodeIgniter\Debug\Exceptions->errorHandler(2, 'Undefined variable $data', 'C:\\LCD\\karyawan\\app\\Views\\karyawan\\karyawan.php', 47)
 2 SYSTEMPATH\View\View.php(228): include('C:\\LCD\\karyawan\\app\\Views\\karyawan\\karyawan.php')
 3 SYSTEMPATH\View\View.php(231): CodeIgniter\View\View->CodeIgniter\View\{closure}()
 4 SYSTEMPATH\Common.php(1178): CodeIgniter\View\View->render('karyawan/karyawan', [], true)
 5 APPPATH\Controllers\Karyawan.php(34): view('karyawan/karyawan', [...])
 6 SYSTEMPATH\CodeIgniter.php(941): App\Controllers\Karyawan->index()
 7 SYSTEMPATH\CodeIgniter.php(502): CodeIgniter\CodeIgniter->runController(Object(App\Controllers\Karyawan))
 8 SYSTEMPATH\CodeIgniter.php(361): CodeIgniter\CodeIgniter->handleRequest(null, Object(Config\Cache), false)
 9 FCPATH\index.php(79): CodeIgniter\CodeIgniter->run()
10 SYSTEMPATH\Commands\Server\rewrite.php(47): require_once('C:\\LCD\\karyawan\\public\\index.php')
CRITICAL - 2024-03-17 10:51:12 --> ErrorException: Undefined variable $data
in APPPATH\Views\karyawan\karyawan.php on line 47.
 1 APPPATH\Views\karyawan\karyawan.php(47): CodeIgniter\Debug\Exceptions->errorHandler(2, 'Undefined variable $data', 'C:\\LCD\\karyawan\\app\\Views\\karyawan\\karyawan.php', 47)
 2 SYSTEMPATH\View\View.php(228): include('C:\\LCD\\karyawan\\app\\Views\\karyawan\\karyawan.php')
 3 SYSTEMPATH\View\View.php(231): CodeIgniter\View\View->CodeIgniter\View\{closure}()
 4 SYSTEMPATH\Common.php(1178): CodeIgniter\View\View->render('karyawan/karyawan', [], true)
 5 APPPATH\Controllers\Karyawan.php(34): view('karyawan/karyawan', [...])
 6 SYSTEMPATH\CodeIgniter.php(941): App\Controllers\Karyawan->index()
 7 SYSTEMPATH\CodeIgniter.php(502): CodeIgniter\CodeIgniter->runController(Object(App\Controllers\Karyawan))
 8 SYSTEMPATH\CodeIgniter.php(361): CodeIgniter\CodeIgniter->handleRequest(null, Object(Config\Cache), false)
 9 FCPATH\index.php(79): CodeIgniter\CodeIgniter->run()
10 SYSTEMPATH\Commands\Server\rewrite.php(47): require_once('C:\\LCD\\karyawan\\public\\index.php')
CRITICAL - 2024-03-17 10:55:06 --> ErrorException: Undefined variable $data
in APPPATH\Views\karyawan\karyawan.php on line 47.
 1 APPPATH\Views\karyawan\karyawan.php(47): CodeIgniter\Debug\Exceptions->errorHandler(2, 'Undefined variable $data', 'C:\\LCD\\karyawan\\app\\Views\\karyawan\\karyawan.php', 47)
 2 SYSTEMPATH\View\View.php(228): include('C:\\LCD\\karyawan\\app\\Views\\karyawan\\karyawan.php')
 3 SYSTEMPATH\View\View.php(231): CodeIgniter\View\View->CodeIgniter\View\{closure}()
 4 SYSTEMPATH\Common.php(1178): CodeIgniter\View\View->render('karyawan/karyawan', [], true)
 5 APPPATH\Controllers\Karyawan.php(34): view('karyawan/karyawan', [...])
 6 SYSTEMPATH\CodeIgniter.php(941): App\Controllers\Karyawan->index()
 7 SYSTEMPATH\CodeIgniter.php(502): CodeIgniter\CodeIgniter->runController(Object(App\Controllers\Karyawan))
 8 SYSTEMPATH\CodeIgniter.php(361): CodeIgniter\CodeIgniter->handleRequest(null, Object(Config\Cache), false)
 9 FCPATH\index.php(79): CodeIgniter\CodeIgniter->run()
10 SYSTEMPATH\Commands\Server\rewrite.php(47): require_once('C:\\LCD\\karyawan\\public\\index.php')
ERROR - 2024-03-17 10:56:12 --> Error connecting to the database: mysqli_sql_exception: Access denied for user 'root'@'localhost' (using password: YES) in C:\LCD\karyawan\system\Database\MySQLi\Connection.php:185
Stack trace:
#0 C:\LCD\karyawan\system\Database\MySQLi\Connection.php(185): mysqli->real_connect('localhost', 'root', 'root', 'ci4_test', 3306, '', 0)
#1 C:\LCD\karyawan\system\Database\BaseConnection.php(392): CodeIgniter\Database\MySQLi\Connection->connect(false)
#2 C:\LCD\karyawan\system\Database\BaseConnection.php(575): CodeIgniter\Database\BaseConnection->initialize()
#3 C:\LCD\karyawan\system\Database\BaseBuilder.php(1616): CodeIgniter\Database\BaseConnection->query('SELECT `karyawa...', Array, false)
#4 C:\LCD\karyawan\system\Model.php(242): CodeIgniter\Database\BaseBuilder->get()
#5 C:\LCD\karyawan\system\BaseModel.php(638): CodeIgniter\Model->doFindAll(0, 0)
#6 C:\LCD\karyawan\app\Controllers\Karyawan.php(24): CodeIgniter\BaseModel->findAll()
#7 C:\LCD\karyawan\system\CodeIgniter.php(941): App\Controllers\Karyawan->index()
#8 C:\LCD\karyawan\system\CodeIgniter.php(502): CodeIgniter\CodeIgniter->runController(Object(App\Controllers\Karyawan))
#9 C:\LCD\karyawan\system\CodeIgniter.php(361): CodeIgniter\CodeIgniter->handleRequest(NULL, Object(Config\Cache), false)
#10 C:\LCD\karyawan\public\index.php(79): CodeIgniter\CodeIgniter->run()
#11 C:\LCD\karyawan\system\Commands\Server\rewrite.php(47): require_once('C:\\LCD\\karyawan...')
#12 {main}

Next CodeIgniter\Database\Exceptions\DatabaseException: Access denied for user '****'@'localhost' (using password: YES) in C:\LCD\karyawan\system\Database\MySQLi\Connection.php:229
Stack trace:
#0 C:\LCD\karyawan\system\Database\BaseConnection.php(392): CodeIgniter\Database\MySQLi\Connection->connect(false)
#1 C:\LCD\karyawan\system\Database\BaseConnection.php(575): CodeIgniter\Database\BaseConnection->initialize()
#2 C:\LCD\karyawan\system\Database\BaseBuilder.php(1616): CodeIgniter\Database\BaseConnection->query('SELECT `karyawa...', Array, false)
#3 C:\LCD\karyawan\system\Model.php(242): CodeIgniter\Database\BaseBuilder->get()
#4 C:\LCD\karyawan\system\BaseModel.php(638): CodeIgniter\Model->doFindAll(0, 0)
#5 C:\LCD\karyawan\app\Controllers\Karyawan.php(24): CodeIgniter\BaseModel->findAll()
#6 C:\LCD\karyawan\system\CodeIgniter.php(941): App\Controllers\Karyawan->index()
#7 C:\LCD\karyawan\system\CodeIgniter.php(502): CodeIgniter\CodeIgniter->runController(Object(App\Controllers\Karyawan))
#8 C:\LCD\karyawan\system\CodeIgniter.php(361): CodeIgniter\CodeIgniter->handleRequest(NULL, Object(Config\Cache), false)
#9 C:\LCD\karyawan\public\index.php(79): CodeIgniter\CodeIgniter->run()
#10 C:\LCD\karyawan\system\Commands\Server\rewrite.php(47): require_once('C:\\LCD\\karyawan...')
#11 {main}
ERROR - 2024-03-17 10:56:12 --> Error connecting to the database: mysqli_sql_exception: Access denied for user 'root'@'localhost' (using password: YES) in C:\LCD\karyawan\system\Database\MySQLi\Connection.php:185
Stack trace:
#0 C:\LCD\karyawan\system\Database\MySQLi\Connection.php(185): mysqli->real_connect('localhost', 'root', 'root', 'ci4_test', 3306, '', 0)
#1 C:\LCD\karyawan\system\Database\BaseConnection.php(392): CodeIgniter\Database\MySQLi\Connection->connect(false)
#2 C:\LCD\karyawan\system\Database\BaseConnection.php(575): CodeIgniter\Database\BaseConnection->initialize()
#3 C:\LCD\karyawan\system\Database\BaseBuilder.php(1616): CodeIgniter\Database\BaseConnection->query('SELECT `karyawa...', Array, false)
#4 C:\LCD\karyawan\system\Model.php(242): CodeIgniter\Database\BaseBuilder->get()
#5 C:\LCD\karyawan\system\BaseModel.php(638): CodeIgniter\Model->doFindAll(0, 0)
#6 C:\LCD\karyawan\app\Controllers\Karyawan.php(24): CodeIgniter\BaseModel->findAll()
#7 C:\LCD\karyawan\system\CodeIgniter.php(941): App\Controllers\Karyawan->index()
#8 C:\LCD\karyawan\system\CodeIgniter.php(502): CodeIgniter\CodeIgniter->runController(Object(App\Controllers\Karyawan))
#9 C:\LCD\karyawan\system\CodeIgniter.php(361): CodeIgniter\CodeIgniter->handleRequest(NULL, Object(Config\Cache), false)
#10 C:\LCD\karyawan\public\index.php(79): CodeIgniter\CodeIgniter->run()
#11 C:\LCD\karyawan\system\Commands\Server\rewrite.php(47): require_once('C:\\LCD\\karyawan...')
#12 {main}

Next CodeIgniter\Database\Exceptions\DatabaseException: Access denied for user '****'@'localhost' (using password: YES) in C:\LCD\karyawan\system\Database\MySQLi\Connection.php:229
Stack trace:
#0 C:\LCD\karyawan\system\Database\BaseConnection.php(392): CodeIgniter\Database\MySQLi\Connection->connect(false)
#1 C:\LCD\karyawan\system\Database\BaseConnection.php(575): CodeIgniter\Database\BaseConnection->initialize()
#2 C:\LCD\karyawan\system\Database\BaseBuilder.php(1616): CodeIgniter\Database\BaseConnection->query('SELECT `karyawa...', Array, false)
#3 C:\LCD\karyawan\system\Model.php(242): CodeIgniter\Database\BaseBuilder->get()
#4 C:\LCD\karyawan\system\BaseModel.php(638): CodeIgniter\Model->doFindAll(0, 0)
#5 C:\LCD\karyawan\app\Controllers\Karyawan.php(24): CodeIgniter\BaseModel->findAll()
#6 C:\LCD\karyawan\system\CodeIgniter.php(941): App\Controllers\Karyawan->index()
#7 C:\LCD\karyawan\system\CodeIgniter.php(502): CodeIgniter\CodeIgniter->runController(Object(App\Controllers\Karyawan))
#8 C:\LCD\karyawan\system\CodeIgniter.php(361): CodeIgniter\CodeIgniter->handleRequest(NULL, Object(Config\Cache), false)
#9 C:\LCD\karyawan\public\index.php(79): CodeIgniter\CodeIgniter->run()
#10 C:\LCD\karyawan\system\Commands\Server\rewrite.php(47): require_once('C:\\LCD\\karyawan...')
#11 {main}
CRITICAL - 2024-03-17 10:56:21 --> ErrorException: Undefined variable $data
in APPPATH\Views\karyawan\karyawan.php on line 47.
 1 APPPATH\Views\karyawan\karyawan.php(47): CodeIgniter\Debug\Exceptions->errorHandler(2, 'Undefined variable $data', 'C:\\LCD\\karyawan\\app\\Views\\karyawan\\karyawan.php', 47)
 2 SYSTEMPATH\View\View.php(228): include('C:\\LCD\\karyawan\\app\\Views\\karyawan\\karyawan.php')
 3 SYSTEMPATH\View\View.php(231): CodeIgniter\View\View->CodeIgniter\View\{closure}()
 4 SYSTEMPATH\Common.php(1178): CodeIgniter\View\View->render('karyawan/karyawan', [], true)
 5 APPPATH\Controllers\Karyawan.php(34): view('karyawan/karyawan', [...])
 6 SYSTEMPATH\CodeIgniter.php(941): App\Controllers\Karyawan->index()
 7 SYSTEMPATH\CodeIgniter.php(502): CodeIgniter\CodeIgniter->runController(Object(App\Controllers\Karyawan))
 8 SYSTEMPATH\CodeIgniter.php(361): CodeIgniter\CodeIgniter->handleRequest(null, Object(Config\Cache), false)
 9 FCPATH\index.php(79): CodeIgniter\CodeIgniter->run()
10 SYSTEMPATH\Commands\Server\rewrite.php(47): require_once('C:\\LCD\\karyawan\\public\\index.php')
CRITICAL - 2024-03-17 10:57:27 --> ErrorException: Undefined variable $data
in APPPATH\Controllers\Karyawan.php on line 33.
 1 APPPATH\Controllers\Karyawan.php(33): CodeIgniter\Debug\Exceptions->errorHandler(2, 'Undefined variable $data', 'C:\\LCD\\karyawan\\app\\Controllers\\Karyawan.php', 33)
 2 SYSTEMPATH\CodeIgniter.php(941): App\Controllers\Karyawan->index()
 3 SYSTEMPATH\CodeIgniter.php(502): CodeIgniter\CodeIgniter->runController(Object(App\Controllers\Karyawan))
 4 SYSTEMPATH\CodeIgniter.php(361): CodeIgniter\CodeIgniter->handleRequest(null, Object(Config\Cache), false)
 5 FCPATH\index.php(79): CodeIgniter\CodeIgniter->run()
 6 SYSTEMPATH\Commands\Server\rewrite.php(47): require_once('C:\\LCD\\karyawan\\public\\index.php')
CRITICAL - 2024-03-17 10:57:33 --> ErrorException: Undefined variable $data
in APPPATH\Views\karyawan\karyawan.php on line 47.
 1 APPPATH\Views\karyawan\karyawan.php(47): CodeIgniter\Debug\Exceptions->errorHandler(2, 'Undefined variable $data', 'C:\\LCD\\karyawan\\app\\Views\\karyawan\\karyawan.php', 47)
 2 SYSTEMPATH\View\View.php(228): include('C:\\LCD\\karyawan\\app\\Views\\karyawan\\karyawan.php')
 3 SYSTEMPATH\View\View.php(231): CodeIgniter\View\View->CodeIgniter\View\{closure}()
 4 SYSTEMPATH\Common.php(1178): CodeIgniter\View\View->render('karyawan/karyawan', [], true)
 5 APPPATH\Controllers\Karyawan.php(33): view('karyawan/karyawan')
 6 SYSTEMPATH\CodeIgniter.php(941): App\Controllers\Karyawan->index()
 7 SYSTEMPATH\CodeIgniter.php(502): CodeIgniter\CodeIgniter->runController(Object(App\Controllers\Karyawan))
 8 SYSTEMPATH\CodeIgniter.php(361): CodeIgniter\CodeIgniter->handleRequest(null, Object(Config\Cache), false)
 9 FCPATH\index.php(79): CodeIgniter\CodeIgniter->run()
10 SYSTEMPATH\Commands\Server\rewrite.php(47): require_once('C:\\LCD\\karyawan\\public\\index.php')
CRITICAL - 2024-03-17 10:57:55 --> ErrorException: Undefined variable $data
in APPPATH\Views\karyawan\karyawan.php on line 47.
 1 APPPATH\Views\karyawan\karyawan.php(47): CodeIgniter\Debug\Exceptions->errorHandler(2, 'Undefined variable $data', 'C:\\LCD\\karyawan\\app\\Views\\karyawan\\karyawan.php', 47)
 2 SYSTEMPATH\View\View.php(228): include('C:\\LCD\\karyawan\\app\\Views\\karyawan\\karyawan.php')
 3 SYSTEMPATH\View\View.php(231): CodeIgniter\View\View->CodeIgniter\View\{closure}()
 4 SYSTEMPATH\Common.php(1178): CodeIgniter\View\View->render('karyawan/karyawan', [], true)
 5 APPPATH\Controllers\Karyawan.php(33): view('karyawan/karyawan')
 6 SYSTEMPATH\CodeIgniter.php(941): App\Controllers\Karyawan->index()
 7 SYSTEMPATH\CodeIgniter.php(502): CodeIgniter\CodeIgniter->runController(Object(App\Controllers\Karyawan))
 8 SYSTEMPATH\CodeIgniter.php(361): CodeIgniter\CodeIgniter->handleRequest(null, Object(Config\Cache), false)
 9 FCPATH\index.php(79): CodeIgniter\CodeIgniter->run()
10 SYSTEMPATH\Commands\Server\rewrite.php(47): require_once('C:\\LCD\\karyawan\\public\\index.php')
CRITICAL - 2024-03-17 10:58:06 --> ErrorException: Undefined variable $data
in APPPATH\Views\karyawan\karyawan.php on line 47.
 1 APPPATH\Views\karyawan\karyawan.php(47): CodeIgniter\Debug\Exceptions->errorHandler(2, 'Undefined variable $data', 'C:\\LCD\\karyawan\\app\\Views\\karyawan\\karyawan.php', 47)
 2 SYSTEMPATH\View\View.php(228): include('C:\\LCD\\karyawan\\app\\Views\\karyawan\\karyawan.php')
 3 SYSTEMPATH\View\View.php(231): CodeIgniter\View\View->CodeIgniter\View\{closure}()
 4 SYSTEMPATH\Common.php(1178): CodeIgniter\View\View->render('karyawan/karyawan', [], true)
 5 APPPATH\Controllers\Karyawan.php(33): view('karyawan/karyawan', [...])
 6 SYSTEMPATH\CodeIgniter.php(941): App\Controllers\Karyawan->index()
 7 SYSTEMPATH\CodeIgniter.php(502): CodeIgniter\CodeIgniter->runController(Object(App\Controllers\Karyawan))
 8 SYSTEMPATH\CodeIgniter.php(361): CodeIgniter\CodeIgniter->handleRequest(null, Object(Config\Cache), false)
 9 FCPATH\index.php(79): CodeIgniter\CodeIgniter->run()
10 SYSTEMPATH\Commands\Server\rewrite.php(47): require_once('C:\\LCD\\karyawan\\public\\index.php')
CRITICAL - 2024-03-17 10:58:07 --> ErrorException: Undefined variable $data
in APPPATH\Views\karyawan\karyawan.php on line 47.
 1 APPPATH\Views\karyawan\karyawan.php(47): CodeIgniter\Debug\Exceptions->errorHandler(2, 'Undefined variable $data', 'C:\\LCD\\karyawan\\app\\Views\\karyawan\\karyawan.php', 47)
 2 SYSTEMPATH\View\View.php(228): include('C:\\LCD\\karyawan\\app\\Views\\karyawan\\karyawan.php')
 3 SYSTEMPATH\View\View.php(231): CodeIgniter\View\View->CodeIgniter\View\{closure}()
 4 SYSTEMPATH\Common.php(1178): CodeIgniter\View\View->render('karyawan/karyawan', [], true)
 5 APPPATH\Controllers\Karyawan.php(33): view('karyawan/karyawan', [...])
 6 SYSTEMPATH\CodeIgniter.php(941): App\Controllers\Karyawan->index()
 7 SYSTEMPATH\CodeIgniter.php(502): CodeIgniter\CodeIgniter->runController(Object(App\Controllers\Karyawan))
 8 SYSTEMPATH\CodeIgniter.php(361): CodeIgniter\CodeIgniter->handleRequest(null, Object(Config\Cache), false)
 9 FCPATH\index.php(79): CodeIgniter\CodeIgniter->run()
10 SYSTEMPATH\Commands\Server\rewrite.php(47): require_once('C:\\LCD\\karyawan\\public\\index.php')
CRITICAL - 2024-03-17 10:58:14 --> ErrorException: Undefined variable $data
in APPPATH\Views\karyawan\karyawan.php on line 47.
 1 APPPATH\Views\karyawan\karyawan.php(47): CodeIgniter\Debug\Exceptions->errorHandler(2, 'Undefined variable $data', 'C:\\LCD\\karyawan\\app\\Views\\karyawan\\karyawan.php', 47)
 2 SYSTEMPATH\View\View.php(228): include('C:\\LCD\\karyawan\\app\\Views\\karyawan\\karyawan.php')
 3 SYSTEMPATH\View\View.php(231): CodeIgniter\View\View->CodeIgniter\View\{closure}()
 4 SYSTEMPATH\Common.php(1178): CodeIgniter\View\View->render('karyawan/karyawan', [], true)
 5 APPPATH\Controllers\Karyawan.php(33): view('karyawan/karyawan', [...])
 6 SYSTEMPATH\CodeIgniter.php(941): App\Controllers\Karyawan->index()
 7 SYSTEMPATH\CodeIgniter.php(502): CodeIgniter\CodeIgniter->runController(Object(App\Controllers\Karyawan))
 8 SYSTEMPATH\CodeIgniter.php(361): CodeIgniter\CodeIgniter->handleRequest(null, Object(Config\Cache), false)
 9 FCPATH\index.php(79): CodeIgniter\CodeIgniter->run()
10 SYSTEMPATH\Commands\Server\rewrite.php(47): require_once('C:\\LCD\\karyawan\\public\\index.php')
CRITICAL - 2024-03-17 10:58:15 --> ErrorException: Undefined variable $data
in APPPATH\Views\karyawan\karyawan.php on line 47.
 1 APPPATH\Views\karyawan\karyawan.php(47): CodeIgniter\Debug\Exceptions->errorHandler(2, 'Undefined variable $data', 'C:\\LCD\\karyawan\\app\\Views\\karyawan\\karyawan.php', 47)
 2 SYSTEMPATH\View\View.php(228): include('C:\\LCD\\karyawan\\app\\Views\\karyawan\\karyawan.php')
 3 SYSTEMPATH\View\View.php(231): CodeIgniter\View\View->CodeIgniter\View\{closure}()
 4 SYSTEMPATH\Common.php(1178): CodeIgniter\View\View->render('karyawan/karyawan', [], true)
 5 APPPATH\Controllers\Karyawan.php(33): view('karyawan/karyawan', [...])
 6 SYSTEMPATH\CodeIgniter.php(941): App\Controllers\Karyawan->index()
 7 SYSTEMPATH\CodeIgniter.php(502): CodeIgniter\CodeIgniter->runController(Object(App\Controllers\Karyawan))
 8 SYSTEMPATH\CodeIgniter.php(361): CodeIgniter\CodeIgniter->handleRequest(null, Object(Config\Cache), false)
 9 FCPATH\index.php(79): CodeIgniter\CodeIgniter->run()
10 SYSTEMPATH\Commands\Server\rewrite.php(47): require_once('C:\\LCD\\karyawan\\public\\index.php')
CRITICAL - 2024-03-17 10:58:15 --> ErrorException: Undefined variable $data
in APPPATH\Views\karyawan\karyawan.php on line 47.
 1 APPPATH\Views\karyawan\karyawan.php(47): CodeIgniter\Debug\Exceptions->errorHandler(2, 'Undefined variable $data', 'C:\\LCD\\karyawan\\app\\Views\\karyawan\\karyawan.php', 47)
 2 SYSTEMPATH\View\View.php(228): include('C:\\LCD\\karyawan\\app\\Views\\karyawan\\karyawan.php')
 3 SYSTEMPATH\View\View.php(231): CodeIgniter\View\View->CodeIgniter\View\{closure}()
 4 SYSTEMPATH\Common.php(1178): CodeIgniter\View\View->render('karyawan/karyawan', [], true)
 5 APPPATH\Controllers\Karyawan.php(33): view('karyawan/karyawan', [...])
 6 SYSTEMPATH\CodeIgniter.php(941): App\Controllers\Karyawan->index()
 7 SYSTEMPATH\CodeIgniter.php(502): CodeIgniter\CodeIgniter->runController(Object(App\Controllers\Karyawan))
 8 SYSTEMPATH\CodeIgniter.php(361): CodeIgniter\CodeIgniter->handleRequest(null, Object(Config\Cache), false)
 9 FCPATH\index.php(79): CodeIgniter\CodeIgniter->run()
10 SYSTEMPATH\Commands\Server\rewrite.php(47): require_once('C:\\LCD\\karyawan\\public\\index.php')
CRITICAL - 2024-03-17 10:59:30 --> ErrorException: Undefined variable $data
in APPPATH\Views\karyawan\karyawan.php on line 47.
 1 APPPATH\Views\karyawan\karyawan.php(47): CodeIgniter\Debug\Exceptions->errorHandler(2, 'Undefined variable $data', 'C:\\LCD\\karyawan\\app\\Views\\karyawan\\karyawan.php', 47)
 2 SYSTEMPATH\View\View.php(228): include('C:\\LCD\\karyawan\\app\\Views\\karyawan\\karyawan.php')
 3 SYSTEMPATH\View\View.php(231): CodeIgniter\View\View->CodeIgniter\View\{closure}()
 4 SYSTEMPATH\Common.php(1178): CodeIgniter\View\View->render('karyawan/karyawan', [], true)
 5 APPPATH\Controllers\Karyawan.php(35): view('karyawan/karyawan', [...])
 6 SYSTEMPATH\CodeIgniter.php(941): App\Controllers\Karyawan->index()
 7 SYSTEMPATH\CodeIgniter.php(502): CodeIgniter\CodeIgniter->runController(Object(App\Controllers\Karyawan))
 8 SYSTEMPATH\CodeIgniter.php(361): CodeIgniter\CodeIgniter->handleRequest(null, Object(Config\Cache), false)
 9 FCPATH\index.php(79): CodeIgniter\CodeIgniter->run()
10 SYSTEMPATH\Commands\Server\rewrite.php(47): require_once('C:\\LCD\\karyawan\\public\\index.php')
CRITICAL - 2024-03-17 10:59:31 --> ErrorException: Undefined variable $data
in APPPATH\Views\karyawan\karyawan.php on line 47.
 1 APPPATH\Views\karyawan\karyawan.php(47): CodeIgniter\Debug\Exceptions->errorHandler(2, 'Undefined variable $data', 'C:\\LCD\\karyawan\\app\\Views\\karyawan\\karyawan.php', 47)
 2 SYSTEMPATH\View\View.php(228): include('C:\\LCD\\karyawan\\app\\Views\\karyawan\\karyawan.php')
 3 SYSTEMPATH\View\View.php(231): CodeIgniter\View\View->CodeIgniter\View\{closure}()
 4 SYSTEMPATH\Common.php(1178): CodeIgniter\View\View->render('karyawan/karyawan', [], true)
 5 APPPATH\Controllers\Karyawan.php(35): view('karyawan/karyawan', [...])
 6 SYSTEMPATH\CodeIgniter.php(941): App\Controllers\Karyawan->index()
 7 SYSTEMPATH\CodeIgniter.php(502): CodeIgniter\CodeIgniter->runController(Object(App\Controllers\Karyawan))
 8 SYSTEMPATH\CodeIgniter.php(361): CodeIgniter\CodeIgniter->handleRequest(null, Object(Config\Cache), false)
 9 FCPATH\index.php(79): CodeIgniter\CodeIgniter->run()
10 SYSTEMPATH\Commands\Server\rewrite.php(47): require_once('C:\\LCD\\karyawan\\public\\index.php')
CRITICAL - 2024-03-17 11:00:24 --> ErrorException: Undefined variable $data
in APPPATH\Views\karyawan\karyawan.php on line 47.
 1 APPPATH\Views\karyawan\karyawan.php(47): CodeIgniter\Debug\Exceptions->errorHandler(2, 'Undefined variable $data', 'C:\\LCD\\karyawan\\app\\Views\\karyawan\\karyawan.php', 47)
 2 SYSTEMPATH\View\View.php(228): include('C:\\LCD\\karyawan\\app\\Views\\karyawan\\karyawan.php')
 3 SYSTEMPATH\View\View.php(231): CodeIgniter\View\View->CodeIgniter\View\{closure}()
 4 SYSTEMPATH\Common.php(1178): CodeIgniter\View\View->render('karyawan/karyawan', [], true)
 5 APPPATH\Controllers\Karyawan.php(35): view('karyawan/karyawan', [...])
 6 SYSTEMPATH\CodeIgniter.php(941): App\Controllers\Karyawan->index()
 7 SYSTEMPATH\CodeIgniter.php(502): CodeIgniter\CodeIgniter->runController(Object(App\Controllers\Karyawan))
 8 SYSTEMPATH\CodeIgniter.php(361): CodeIgniter\CodeIgniter->handleRequest(null, Object(Config\Cache), false)
 9 FCPATH\index.php(79): CodeIgniter\CodeIgniter->run()
10 SYSTEMPATH\Commands\Server\rewrite.php(47): require_once('C:\\LCD\\karyawan\\public\\index.php')
CRITICAL - 2024-03-17 11:00:36 --> ErrorException: Undefined variable $data
in APPPATH\Views\karyawan\karyawan.php on line 47.
 1 APPPATH\Views\karyawan\karyawan.php(47): CodeIgniter\Debug\Exceptions->errorHandler(2, 'Undefined variable $data', 'C:\\LCD\\karyawan\\app\\Views\\karyawan\\karyawan.php', 47)
 2 SYSTEMPATH\View\View.php(228): include('C:\\LCD\\karyawan\\app\\Views\\karyawan\\karyawan.php')
 3 SYSTEMPATH\View\View.php(231): CodeIgniter\View\View->CodeIgniter\View\{closure}()
 4 SYSTEMPATH\Common.php(1178): CodeIgniter\View\View->render('karyawan/karyawan', [], true)
 5 APPPATH\Controllers\Karyawan.php(35): view('karyawan/karyawan', [...])
 6 SYSTEMPATH\CodeIgniter.php(941): App\Controllers\Karyawan->index()
 7 SYSTEMPATH\CodeIgniter.php(502): CodeIgniter\CodeIgniter->runController(Object(App\Controllers\Karyawan))
 8 SYSTEMPATH\CodeIgniter.php(361): CodeIgniter\CodeIgniter->handleRequest(null, Object(Config\Cache), false)
 9 FCPATH\index.php(79): CodeIgniter\CodeIgniter->run()
10 SYSTEMPATH\Commands\Server\rewrite.php(47): require_once('C:\\LCD\\karyawan\\public\\index.php')
CRITICAL - 2024-03-17 11:00:36 --> ErrorException: Undefined variable $data
in APPPATH\Views\karyawan\karyawan.php on line 47.
 1 APPPATH\Views\karyawan\karyawan.php(47): CodeIgniter\Debug\Exceptions->errorHandler(2, 'Undefined variable $data', 'C:\\LCD\\karyawan\\app\\Views\\karyawan\\karyawan.php', 47)
 2 SYSTEMPATH\View\View.php(228): include('C:\\LCD\\karyawan\\app\\Views\\karyawan\\karyawan.php')
 3 SYSTEMPATH\View\View.php(231): CodeIgniter\View\View->CodeIgniter\View\{closure}()
 4 SYSTEMPATH\Common.php(1178): CodeIgniter\View\View->render('karyawan/karyawan', [], true)
 5 APPPATH\Controllers\Karyawan.php(35): view('karyawan/karyawan', [...])
 6 SYSTEMPATH\CodeIgniter.php(941): App\Controllers\Karyawan->index()
 7 SYSTEMPATH\CodeIgniter.php(502): CodeIgniter\CodeIgniter->runController(Object(App\Controllers\Karyawan))
 8 SYSTEMPATH\CodeIgniter.php(361): CodeIgniter\CodeIgniter->handleRequest(null, Object(Config\Cache), false)
 9 FCPATH\index.php(79): CodeIgniter\CodeIgniter->run()
10 SYSTEMPATH\Commands\Server\rewrite.php(47): require_once('C:\\LCD\\karyawan\\public\\index.php')
